<?xml version="1.0" encoding="UTF-8"?>
<testsuite name="단위 테스트 - SpringExtension을 활용한 가짜 협력 객체 사용" tests="1" skipped="0" failures="0" errors="0" timestamp="2022-08-19T17:24:03" hostname="ip-192-168-15-12" time="0.008">
  <properties/>
  <testcase name="findAllLines()" classname="study.unit.SpringExtensionTest" time="0.008"/>
  <system-out><![CDATA[2022-08-20 02:24:03.258  INFO 16121 --- [    Test worker] o.s.t.c.s.DefaultTestContextBootstrapper : Neither @ContextConfiguration nor @ContextHierarchy found for test class [study.unit.SpringExtensionTest], using DelegatingSmartContextLoader
2022-08-20 02:24:03.259  INFO 16121 --- [    Test worker] o.s.t.c.support.AbstractContextLoader    : Could not detect default resource locations for test class [study.unit.SpringExtensionTest]: no resource found for suffixes {-context.xml, Context.groovy}.
2022-08-20 02:24:03.259  INFO 16121 --- [    Test worker] t.c.s.AnnotationConfigContextLoaderUtils : Could not detect default configuration classes for test class [study.unit.SpringExtensionTest]: SpringExtensionTest does not declare any static, non-private, non-final, nested classes annotated with @Configuration.
2022-08-20 02:24:03.265  INFO 16121 --- [    Test worker] o.s.t.c.s.DefaultTestContextBootstrapper : Loaded default TestExecutionListener class names from location [META-INF/spring.factories]: [org.springframework.boot.test.autoconfigure.restdocs.RestDocsTestExecutionListener, org.springframework.boot.test.autoconfigure.web.client.MockRestServiceServerResetTestExecutionListener, org.springframework.boot.test.autoconfigure.web.servlet.MockMvcPrintOnlyOnFailureTestExecutionListener, org.springframework.boot.test.autoconfigure.web.servlet.WebDriverTestExecutionListener, org.springframework.boot.test.autoconfigure.webservices.client.MockWebServiceServerTestExecutionListener, org.springframework.boot.test.mock.mockito.MockitoTestExecutionListener, org.springframework.boot.test.mock.mockito.ResetMocksTestExecutionListener, org.springframework.test.context.web.ServletTestExecutionListener, org.springframework.test.context.support.DirtiesContextBeforeModesTestExecutionListener, org.springframework.test.context.support.DependencyInjectionTestExecutionListener, org.springframework.test.context.support.DirtiesContextTestExecutionListener, org.springframework.test.context.transaction.TransactionalTestExecutionListener, org.springframework.test.context.jdbc.SqlScriptsTestExecutionListener, org.springframework.test.context.event.EventPublishingTestExecutionListener]
2022-08-20 02:24:03.266  INFO 16121 --- [    Test worker] o.s.t.c.s.DefaultTestContextBootstrapper : Using TestExecutionListeners: [org.springframework.test.context.web.ServletTestExecutionListener@2ff058bf, org.springframework.test.context.support.DirtiesContextBeforeModesTestExecutionListener@3d795832, org.springframework.boot.test.mock.mockito.MockitoTestExecutionListener@7a8a44aa, org.springframework.test.context.support.DependencyInjectionTestExecutionListener@46ac6e73, org.springframework.test.context.support.DirtiesContextTestExecutionListener@6bb4e3b9, org.springframework.test.context.transaction.TransactionalTestExecutionListener@1c7b8e35, org.springframework.test.context.jdbc.SqlScriptsTestExecutionListener@34fc2604, org.springframework.test.context.event.EventPublishingTestExecutionListener@1186191e, org.springframework.boot.test.autoconfigure.restdocs.RestDocsTestExecutionListener@5d6399bc, org.springframework.boot.test.autoconfigure.web.client.MockRestServiceServerResetTestExecutionListener@1d29be03, org.springframework.boot.test.autoconfigure.web.servlet.MockMvcPrintOnlyOnFailureTestExecutionListener@48b077a4, org.springframework.boot.test.autoconfigure.web.servlet.WebDriverTestExecutionListener@69dfd945, org.springframework.boot.test.autoconfigure.webservices.client.MockWebServiceServerTestExecutionListener@283003bb, org.springframework.boot.test.mock.mockito.ResetMocksTestExecutionListener@78b97918]
]]></system-out>
  <system-err><![CDATA[]]></system-err>
</testsuite>
