<?xml version="1.0" encoding="UTF-8"?>
<testsuite name="nextstep.subway.member.MemberAcceptanceTest" tests="1" skipped="0" failures="0" errors="0" timestamp="2022-08-19T17:24:02" hostname="ip-192-168-15-12" time="0.093">
  <properties/>
  <testcase name="회원 정보를 관리한다." classname="nextstep.subway.member.MemberAcceptanceTest" time="0.093"/>
  <system-out><![CDATA[2022-08-20 02:24:02.813  INFO 16121 --- [    Test worker] .b.t.c.SpringBootTestContextBootstrapper : Neither @ContextConfiguration nor @ContextHierarchy found for test class [nextstep.subway.member.MemberAcceptanceTest], using SpringBootContextLoader
2022-08-20 02:24:02.813  INFO 16121 --- [    Test worker] o.s.t.c.support.AbstractContextLoader    : Could not detect default resource locations for test class [nextstep.subway.member.MemberAcceptanceTest]: no resource found for suffixes {-context.xml, Context.groovy}.
2022-08-20 02:24:02.813  INFO 16121 --- [    Test worker] t.c.s.AnnotationConfigContextLoaderUtils : Could not detect default configuration classes for test class [nextstep.subway.member.MemberAcceptanceTest]: MemberAcceptanceTest does not declare any static, non-private, non-final, nested classes annotated with @Configuration.
2022-08-20 02:24:02.817  INFO 16121 --- [    Test worker] .b.t.c.SpringBootTestContextBootstrapper : Found @SpringBootConfiguration nextstep.subway.SubwayApplication for test class nextstep.subway.member.MemberAcceptanceTest
2022-08-20 02:24:02.818  INFO 16121 --- [    Test worker] .b.t.c.SpringBootTestContextBootstrapper : Loaded default TestExecutionListener class names from location [META-INF/spring.factories]: [org.springframework.boot.test.autoconfigure.restdocs.RestDocsTestExecutionListener, org.springframework.boot.test.autoconfigure.web.client.MockRestServiceServerResetTestExecutionListener, org.springframework.boot.test.autoconfigure.web.servlet.MockMvcPrintOnlyOnFailureTestExecutionListener, org.springframework.boot.test.autoconfigure.web.servlet.WebDriverTestExecutionListener, org.springframework.boot.test.autoconfigure.webservices.client.MockWebServiceServerTestExecutionListener, org.springframework.boot.test.mock.mockito.MockitoTestExecutionListener, org.springframework.boot.test.mock.mockito.ResetMocksTestExecutionListener, org.springframework.test.context.web.ServletTestExecutionListener, org.springframework.test.context.support.DirtiesContextBeforeModesTestExecutionListener, org.springframework.test.context.support.DependencyInjectionTestExecutionListener, org.springframework.test.context.support.DirtiesContextTestExecutionListener, org.springframework.test.context.transaction.TransactionalTestExecutionListener, org.springframework.test.context.jdbc.SqlScriptsTestExecutionListener, org.springframework.test.context.event.EventPublishingTestExecutionListener]
2022-08-20 02:24:02.819  INFO 16121 --- [    Test worker] .b.t.c.SpringBootTestContextBootstrapper : Using TestExecutionListeners: [org.springframework.test.context.web.ServletTestExecutionListener@3696739e, org.springframework.test.context.support.DirtiesContextBeforeModesTestExecutionListener@67c942b8, org.springframework.boot.test.mock.mockito.MockitoTestExecutionListener@4d8043a, org.springframework.boot.test.autoconfigure.SpringBootDependencyInjectionTestExecutionListener@476eb07d, org.springframework.test.context.support.DirtiesContextTestExecutionListener@4261318d, org.springframework.test.context.transaction.TransactionalTestExecutionListener@6f1067fb, org.springframework.test.context.jdbc.SqlScriptsTestExecutionListener@2bad57f7, org.springframework.test.context.event.EventPublishingTestExecutionListener@1972f7a7, org.springframework.boot.test.autoconfigure.restdocs.RestDocsTestExecutionListener@52d4505d, org.springframework.boot.test.autoconfigure.web.client.MockRestServiceServerResetTestExecutionListener@3e97da43, org.springframework.boot.test.autoconfigure.web.servlet.MockMvcPrintOnlyOnFailureTestExecutionListener@7f443089, org.springframework.boot.test.autoconfigure.web.servlet.WebDriverTestExecutionListener@71853f09, org.springframework.boot.test.autoconfigure.webservices.client.MockWebServiceServerTestExecutionListener@1a3dfdc, org.springframework.boot.test.mock.mockito.ResetMocksTestExecutionListener@1e65869]
Hibernate: 
    
SET
    REFERENTIAL_INTEGRITY FALSE
Hibernate: 
    TRUNCATE TABLE section
Hibernate: 
    ALTER TABLE section ALTER COLUMN ID RESTART WITH 1
Hibernate: 
    TRUNCATE TABLE line
Hibernate: 
    ALTER TABLE line ALTER COLUMN ID RESTART WITH 1
Hibernate: 
    TRUNCATE TABLE favorite
Hibernate: 
    ALTER TABLE favorite ALTER COLUMN ID RESTART WITH 1
Hibernate: 
    TRUNCATE TABLE station
Hibernate: 
    ALTER TABLE station ALTER COLUMN ID RESTART WITH 1
Hibernate: 
    TRUNCATE TABLE member
Hibernate: 
    ALTER TABLE member ALTER COLUMN ID RESTART WITH 1
Hibernate: 
    
SET
    REFERENTIAL_INTEGRITY TRUE
Request method:	POST
Request URI:	http://localhost:37811/members
Proxy:			<none>
Request params:	<none>
Query params:	<none>
Form params:	<none>
Path params:	<none>
Headers:		Accept=*/*
				Content-Type=application/json; charset=UTF-8
Cookies:		<none>
Multiparts:		<none>
Body:
{
    "password": "password",
    "email": "email@email.com",
    "age": "20"
}
Hibernate: 
    insert 
    into
        member
        (id, created_date, modified_date, age, email, password) 
    values
        (null, ?, ?, ?, ?, ?)
2022-08-20 02:24:02.859 TRACE 16121 --- [-auto-1-exec-46] o.h.type.descriptor.sql.BasicBinder      : binding parameter [1] as [TIMESTAMP] - [2022-08-20T02:24:02.858]
2022-08-20 02:24:02.859 TRACE 16121 --- [-auto-1-exec-46] o.h.type.descriptor.sql.BasicBinder      : binding parameter [2] as [TIMESTAMP] - [2022-08-20T02:24:02.858]
2022-08-20 02:24:02.859 TRACE 16121 --- [-auto-1-exec-46] o.h.type.descriptor.sql.BasicBinder      : binding parameter [3] as [INTEGER] - [20]
2022-08-20 02:24:02.859 TRACE 16121 --- [-auto-1-exec-46] o.h.type.descriptor.sql.BasicBinder      : binding parameter [4] as [VARCHAR] - [email@email.com]
2022-08-20 02:24:02.859 TRACE 16121 --- [-auto-1-exec-46] o.h.type.descriptor.sql.BasicBinder      : binding parameter [5] as [VARCHAR] - [password]
POST /members HTTP/1.1
accept: */*
content-type: application/json; charset=UTF-8
content-length: 60
host: localhost:37811
connection: Keep-Alive
user-agent: Apache-HttpClient/4.5.13 (Java/1.8.0_342)
accept-encoding: gzip,deflate



HTTP/1.1 201 Created
Keep-Alive: timeout=60
Connection: keep-alive
Content-Length: 0
Date: Fri, 19 Aug 2022 17:24:02 GMT
Location: /members/1



HTTP/1.1 201 
Location: /members/1
Content-Length: 0
Date: Fri, 19 Aug 2022 17:24:02 GMT
Keep-Alive: timeout=60
Connection: keep-alive
Request method:	GET
Request URI:	http://localhost:37811/members/1
Proxy:			<none>
Request params:	<none>
Query params:	<none>
Form params:	<none>
Path params:	<none>
Headers:		Accept=application/json
Cookies:		<none>
Multiparts:		<none>
Body:			<none>
Hibernate: 
    select
        member0_.id as id1_2_0_,
        member0_.created_date as created_2_2_0_,
        member0_.modified_date as modified3_2_0_,
        member0_.age as age4_2_0_,
        member0_.email as email5_2_0_,
        member0_.password as password6_2_0_ 
    from
        member member0_ 
    where
        member0_.id=?
2022-08-20 02:24:02.871 TRACE 16121 --- [-auto-1-exec-45] o.h.type.descriptor.sql.BasicBinder      : binding parameter [1] as [BIGINT] - [1]
2022-08-20 02:24:02.871 TRACE 16121 --- [-auto-1-exec-45] o.h.type.descriptor.sql.BasicExtractor   : extracted value ([created_2_2_0_] : [TIMESTAMP]) - [2022-08-20T02:24:02.858]
2022-08-20 02:24:02.872 TRACE 16121 --- [-auto-1-exec-45] o.h.type.descriptor.sql.BasicExtractor   : extracted value ([modified3_2_0_] : [TIMESTAMP]) - [2022-08-20T02:24:02.858]
2022-08-20 02:24:02.872 TRACE 16121 --- [-auto-1-exec-45] o.h.type.descriptor.sql.BasicExtractor   : extracted value ([age4_2_0_] : [INTEGER]) - [20]
2022-08-20 02:24:02.872 TRACE 16121 --- [-auto-1-exec-45] o.h.type.descriptor.sql.BasicExtractor   : extracted value ([email5_2_0_] : [VARCHAR]) - [email@email.com]
2022-08-20 02:24:02.872 TRACE 16121 --- [-auto-1-exec-45] o.h.type.descriptor.sql.BasicExtractor   : extracted value ([password6_2_0_] : [VARCHAR]) - [password]
GET /members/1 HTTP/1.1
accept: application/json
host: localhost:37811
connection: Keep-Alive
user-agent: Apache-HttpClient/4.5.13 (Java/1.8.0_342)
accept-encoding: gzip,deflate



HTTP/1.1 200 OK
Transfer-Encoding: chunked
Keep-Alive: timeout=60
Connection: keep-alive
Date: Fri, 19 Aug 2022 17:24:02 GMT
Content-Type: application/json



HTTP/1.1 200 
Content-Type: application/json
Transfer-Encoding: chunked
Date: Fri, 19 Aug 2022 17:24:02 GMT
Keep-Alive: timeout=60
Connection: keep-alive

{
    "id": 1,
    "email": "email@email.com",
    "age": 20
}
Request method:	PUT
Request URI:	http://localhost:37811/members/1
Proxy:			<none>
Request params:	<none>
Query params:	<none>
Form params:	<none>
Path params:	<none>
Headers:		Accept=*/*
				Content-Type=application/json; charset=UTF-8
Cookies:		<none>
Multiparts:		<none>
Body:
{
    "password": "newpassword",
    "email": "newemail@email.com",
    "age": "22"
}
Hibernate: 
    select
        member0_.id as id1_2_0_,
        member0_.created_date as created_2_2_0_,
        member0_.modified_date as modified3_2_0_,
        member0_.age as age4_2_0_,
        member0_.email as email5_2_0_,
        member0_.password as password6_2_0_ 
    from
        member member0_ 
    where
        member0_.id=?
2022-08-20 02:24:02.889 TRACE 16121 --- [-auto-1-exec-43] o.h.type.descriptor.sql.BasicBinder      : binding parameter [1] as [BIGINT] - [1]
2022-08-20 02:24:02.890 TRACE 16121 --- [-auto-1-exec-43] o.h.type.descriptor.sql.BasicExtractor   : extracted value ([created_2_2_0_] : [TIMESTAMP]) - [2022-08-20T02:24:02.858]
2022-08-20 02:24:02.890 TRACE 16121 --- [-auto-1-exec-43] o.h.type.descriptor.sql.BasicExtractor   : extracted value ([modified3_2_0_] : [TIMESTAMP]) - [2022-08-20T02:24:02.858]
2022-08-20 02:24:02.890 TRACE 16121 --- [-auto-1-exec-43] o.h.type.descriptor.sql.BasicExtractor   : extracted value ([age4_2_0_] : [INTEGER]) - [20]
2022-08-20 02:24:02.890 TRACE 16121 --- [-auto-1-exec-43] o.h.type.descriptor.sql.BasicExtractor   : extracted value ([email5_2_0_] : [VARCHAR]) - [email@email.com]
2022-08-20 02:24:02.891 TRACE 16121 --- [-auto-1-exec-43] o.h.type.descriptor.sql.BasicExtractor   : extracted value ([password6_2_0_] : [VARCHAR]) - [password]
Hibernate: 
    update
        member 
    set
        created_date=?,
        modified_date=?,
        age=?,
        email=?,
        password=? 
    where
        id=?
2022-08-20 02:24:02.892 TRACE 16121 --- [-auto-1-exec-43] o.h.type.descriptor.sql.BasicBinder      : binding parameter [1] as [TIMESTAMP] - [2022-08-20T02:24:02.858]
2022-08-20 02:24:02.893 TRACE 16121 --- [-auto-1-exec-43] o.h.type.descriptor.sql.BasicBinder      : binding parameter [2] as [TIMESTAMP] - [2022-08-20T02:24:02.891]
2022-08-20 02:24:02.893 TRACE 16121 --- [-auto-1-exec-43] o.h.type.descriptor.sql.BasicBinder      : binding parameter [3] as [INTEGER] - [22]
2022-08-20 02:24:02.893 TRACE 16121 --- [-auto-1-exec-43] o.h.type.descriptor.sql.BasicBinder      : binding parameter [4] as [VARCHAR] - [newemail@email.com]
2022-08-20 02:24:02.893 TRACE 16121 --- [-auto-1-exec-43] o.h.type.descriptor.sql.BasicBinder      : binding parameter [5] as [VARCHAR] - [newpassword]
2022-08-20 02:24:02.893 TRACE 16121 --- [-auto-1-exec-43] o.h.type.descriptor.sql.BasicBinder      : binding parameter [6] as [BIGINT] - [1]
HTTP/1.1 200 
PUT /members/1 HTTP/1.1
accept: */*
content-type: application/json; charset=UTF-8
content-length: 66
host: localhost:37811
connection: Keep-Alive
user-agent: Apache-HttpClient/4.5.13 (Java/1.8.0_342)
accept-encoding: gzip,deflate



HTTP/1.1 200 OK
Keep-Alive: timeout=60
Connection: keep-alive
Content-Length: 0
Date: Fri, 19 Aug 2022 17:24:02 GMT



Content-Length: 0
Date: Fri, 19 Aug 2022 17:24:02 GMT
Keep-Alive: timeout=60
Connection: keep-alive
Request method:	DELETE
Request URI:	http://localhost:37811/members/1
Proxy:			<none>
Request params:	<none>
Query params:	<none>
Form params:	<none>
Path params:	<none>
Headers:		Accept=*/*
Cookies:		<none>
Multiparts:		<none>
Body:			<none>
Hibernate: 
    select
        member0_.id as id1_2_0_,
        member0_.created_date as created_2_2_0_,
        member0_.modified_date as modified3_2_0_,
        member0_.age as age4_2_0_,
        member0_.email as email5_2_0_,
        member0_.password as password6_2_0_ 
    from
        member member0_ 
    where
        member0_.id=?
2022-08-20 02:24:02.905 TRACE 16121 --- [-auto-1-exec-42] o.h.type.descriptor.sql.BasicBinder      : binding parameter [1] as [BIGINT] - [1]
2022-08-20 02:24:02.906 TRACE 16121 --- [-auto-1-exec-42] o.h.type.descriptor.sql.BasicExtractor   : extracted value ([created_2_2_0_] : [TIMESTAMP]) - [2022-08-20T02:24:02.858]
2022-08-20 02:24:02.906 TRACE 16121 --- [-auto-1-exec-42] o.h.type.descriptor.sql.BasicExtractor   : extracted value ([modified3_2_0_] : [TIMESTAMP]) - [2022-08-20T02:24:02.891]
2022-08-20 02:24:02.906 TRACE 16121 --- [-auto-1-exec-42] o.h.type.descriptor.sql.BasicExtractor   : extracted value ([age4_2_0_] : [INTEGER]) - [22]
2022-08-20 02:24:02.906 TRACE 16121 --- [-auto-1-exec-42] o.h.type.descriptor.sql.BasicExtractor   : extracted value ([email5_2_0_] : [VARCHAR]) - [newemail@email.com]
2022-08-20 02:24:02.906 TRACE 16121 --- [-auto-1-exec-42] o.h.type.descriptor.sql.BasicExtractor   : extracted value ([password6_2_0_] : [VARCHAR]) - [newpassword]
Hibernate: 
    delete 
    from
        member 
    where
        id=?
2022-08-20 02:24:02.907 TRACE 16121 --- [-auto-1-exec-42] o.h.type.descriptor.sql.BasicBinder      : binding parameter [1] as [BIGINT] - [1]
DELETE /members/1 HTTP/1.1
accept: */*
host: localhost:37811
connection: Keep-Alive
user-agent: Apache-HttpClient/4.5.13 (Java/1.8.0_342)
accept-encoding: gzip,deflate



HTTP/1.1 204 No Content
Keep-Alive: timeout=60
Connection: keep-alive
Date: Fri, 19 Aug 2022 17:24:02 GMT



HTTP/1.1 204 
Date: Fri, 19 Aug 2022 17:24:02 GMT
Keep-Alive: timeout=60
Connection: keep-alive
]]></system-out>
  <system-err><![CDATA[]]></system-err>
</testsuite>
