<?xml version="1.0" encoding="UTF-8"?>
<testsuite name="지하철역 관련 기능" tests="4" skipped="0" failures="0" errors="0" timestamp="2022-08-19T17:23:56" hostname="ip-192-168-15-12" time="2.628">
  <properties/>
  <testcase name="지하철역을 제거한다." classname="nextstep.subway.station.StationAcceptanceTest" time="2.084"/>
  <testcase name="지하철역을 조회한다." classname="nextstep.subway.station.StationAcceptanceTest" time="0.425"/>
  <testcase name="지하철역을 생성한다." classname="nextstep.subway.station.StationAcceptanceTest" time="0.044"/>
  <testcase name="기존에 존재하는 지하철역 이름으로 지하철역을 생성한다." classname="nextstep.subway.station.StationAcceptanceTest" time="0.064"/>
  <system-out><![CDATA[02:23:48.687 [Test worker] DEBUG org.springframework.test.context.BootstrapUtils - Instantiating CacheAwareContextLoaderDelegate from class [org.springframework.test.context.cache.DefaultCacheAwareContextLoaderDelegate]
02:23:48.709 [Test worker] DEBUG org.springframework.test.context.BootstrapUtils - Instantiating BootstrapContext using constructor [public org.springframework.test.context.support.DefaultBootstrapContext(java.lang.Class,org.springframework.test.context.CacheAwareContextLoaderDelegate)]
02:23:48.775 [Test worker] DEBUG org.springframework.test.context.BootstrapUtils - Instantiating TestContextBootstrapper for test class [nextstep.subway.station.StationAcceptanceTest] from class [org.springframework.boot.test.context.SpringBootTestContextBootstrapper]
02:23:48.789 [Test worker] INFO org.springframework.boot.test.context.SpringBootTestContextBootstrapper - Neither @ContextConfiguration nor @ContextHierarchy found for test class [nextstep.subway.station.StationAcceptanceTest], using SpringBootContextLoader
02:23:48.794 [Test worker] DEBUG org.springframework.test.context.support.AbstractContextLoader - Did not detect default resource location for test class [nextstep.subway.station.StationAcceptanceTest]: class path resource [nextstep/subway/station/StationAcceptanceTest-context.xml] does not exist
02:23:48.795 [Test worker] DEBUG org.springframework.test.context.support.AbstractContextLoader - Did not detect default resource location for test class [nextstep.subway.station.StationAcceptanceTest]: class path resource [nextstep/subway/station/StationAcceptanceTestContext.groovy] does not exist
02:23:48.796 [Test worker] INFO org.springframework.test.context.support.AbstractContextLoader - Could not detect default resource locations for test class [nextstep.subway.station.StationAcceptanceTest]: no resource found for suffixes {-context.xml, Context.groovy}.
02:23:48.797 [Test worker] INFO org.springframework.test.context.support.AnnotationConfigContextLoaderUtils - Could not detect default configuration classes for test class [nextstep.subway.station.StationAcceptanceTest]: StationAcceptanceTest does not declare any static, non-private, non-final, nested classes annotated with @Configuration.
02:23:48.849 [Test worker] DEBUG org.springframework.test.context.support.ActiveProfilesUtils - Could not find an 'annotation declaring class' for annotation type [org.springframework.test.context.ActiveProfiles] and class [nextstep.subway.station.StationAcceptanceTest]
02:23:48.955 [Test worker] DEBUG org.springframework.context.annotation.ClassPathScanningCandidateComponentProvider - Identified candidate component class: file [/home/ubuntu/nextstep6/infra-subway-deploy/build/classes/java/main/nextstep/subway/SubwayApplication.class]
02:23:48.957 [Test worker] INFO org.springframework.boot.test.context.SpringBootTestContextBootstrapper - Found @SpringBootConfiguration nextstep.subway.SubwayApplication for test class nextstep.subway.station.StationAcceptanceTest
02:23:49.102 [Test worker] DEBUG org.springframework.boot.test.context.SpringBootTestContextBootstrapper - @TestExecutionListeners is not present for class [nextstep.subway.station.StationAcceptanceTest]: using defaults.
02:23:49.103 [Test worker] INFO org.springframework.boot.test.context.SpringBootTestContextBootstrapper - Loaded default TestExecutionListener class names from location [META-INF/spring.factories]: [org.springframework.boot.test.autoconfigure.restdocs.RestDocsTestExecutionListener, org.springframework.boot.test.autoconfigure.web.client.MockRestServiceServerResetTestExecutionListener, org.springframework.boot.test.autoconfigure.web.servlet.MockMvcPrintOnlyOnFailureTestExecutionListener, org.springframework.boot.test.autoconfigure.web.servlet.WebDriverTestExecutionListener, org.springframework.boot.test.autoconfigure.webservices.client.MockWebServiceServerTestExecutionListener, org.springframework.boot.test.mock.mockito.MockitoTestExecutionListener, org.springframework.boot.test.mock.mockito.ResetMocksTestExecutionListener, org.springframework.test.context.web.ServletTestExecutionListener, org.springframework.test.context.support.DirtiesContextBeforeModesTestExecutionListener, org.springframework.test.context.support.DependencyInjectionTestExecutionListener, org.springframework.test.context.support.DirtiesContextTestExecutionListener, org.springframework.test.context.transaction.TransactionalTestExecutionListener, org.springframework.test.context.jdbc.SqlScriptsTestExecutionListener, org.springframework.test.context.event.EventPublishingTestExecutionListener]
02:23:49.131 [Test worker] INFO org.springframework.boot.test.context.SpringBootTestContextBootstrapper - Using TestExecutionListeners: [org.springframework.test.context.web.ServletTestExecutionListener@2f6e658, org.springframework.test.context.support.DirtiesContextBeforeModesTestExecutionListener@546aaa06, org.springframework.boot.test.mock.mockito.MockitoTestExecutionListener@64525bd, org.springframework.boot.test.autoconfigure.SpringBootDependencyInjectionTestExecutionListener@45195938, org.springframework.test.context.support.DirtiesContextTestExecutionListener@7068b3e5, org.springframework.test.context.transaction.TransactionalTestExecutionListener@71d30d74, org.springframework.test.context.jdbc.SqlScriptsTestExecutionListener@5e94a63e, org.springframework.test.context.event.EventPublishingTestExecutionListener@51cbe44d, org.springframework.boot.test.autoconfigure.restdocs.RestDocsTestExecutionListener@6489920a, org.springframework.boot.test.autoconfigure.web.client.MockRestServiceServerResetTestExecutionListener@dd88b42, org.springframework.boot.test.autoconfigure.web.servlet.MockMvcPrintOnlyOnFailureTestExecutionListener@76866991, org.springframework.boot.test.autoconfigure.web.servlet.WebDriverTestExecutionListener@78e10280, org.springframework.boot.test.autoconfigure.webservices.client.MockWebServiceServerTestExecutionListener@50d0c654, org.springframework.boot.test.mock.mockito.ResetMocksTestExecutionListener@191bc597]
02:23:49.138 [Test worker] DEBUG org.springframework.test.context.support.AbstractDirtiesContextTestExecutionListener - Before test class: context [DefaultTestContext@541d78f1 testClass = StationAcceptanceTest, testInstance = [null], testMethod = [null], testException = [null], mergedContextConfiguration = [WebMergedContextConfiguration@2b688746 testClass = StationAcceptanceTest, locations = '{}', classes = '{class nextstep.subway.SubwayApplication}', contextInitializerClasses = '[]', activeProfiles = '{}', propertySourceLocations = '{}', propertySourceProperties = '{org.springframework.boot.test.context.SpringBootTestContextBootstrapper=true, server.port=0}', contextCustomizers = set[org.springframework.boot.test.autoconfigure.actuate.metrics.MetricsExportContextCustomizerFactory$DisableMetricExportContextCustomizer@49eb6041, org.springframework.boot.test.autoconfigure.properties.PropertyMappingContextCustomizer@0, org.springframework.boot.test.autoconfigure.web.servlet.WebDriverContextCustomizerFactory$Customizer@7bf33b29, org.springframework.boot.test.context.filter.ExcludeFilterContextCustomizer@30af858, org.springframework.boot.test.json.DuplicateJsonObjectContextCustomizerFactory$DuplicateJsonObjectContextCustomizer@2c9b348f, org.springframework.boot.test.mock.mockito.MockitoContextCustomizer@0, org.springframework.boot.test.web.client.TestRestTemplateContextCustomizer@4fc06bce, org.springframework.boot.test.web.reactive.server.WebTestClientContextCustomizer@5891ce4d, org.springframework.boot.test.context.SpringBootTestArgs@1, org.springframework.boot.test.context.SpringBootTestWebEnvironment@37d4c9bb], resourceBasePath = 'src/main/webapp', contextLoader = 'org.springframework.boot.test.context.SpringBootContextLoader', parent = [null]], attributes = map['org.springframework.test.context.web.ServletTestExecutionListener.activateListener' -> false]], class annotated with @DirtiesContext [false] with mode [null].
02:23:49.156 [Test worker] DEBUG org.springframework.test.context.support.DependencyInjectionTestExecutionListener - Performing dependency injection for test context [[DefaultTestContext@541d78f1 testClass = StationAcceptanceTest, testInstance = nextstep.subway.station.StationAcceptanceTest@25623a0d, testMethod = [null], testException = [null], mergedContextConfiguration = [WebMergedContextConfiguration@2b688746 testClass = StationAcceptanceTest, locations = '{}', classes = '{class nextstep.subway.SubwayApplication}', contextInitializerClasses = '[]', activeProfiles = '{}', propertySourceLocations = '{}', propertySourceProperties = '{org.springframework.boot.test.context.SpringBootTestContextBootstrapper=true, server.port=0}', contextCustomizers = set[org.springframework.boot.test.autoconfigure.actuate.metrics.MetricsExportContextCustomizerFactory$DisableMetricExportContextCustomizer@49eb6041, org.springframework.boot.test.autoconfigure.properties.PropertyMappingContextCustomizer@0, org.springframework.boot.test.autoconfigure.web.servlet.WebDriverContextCustomizerFactory$Customizer@7bf33b29, org.springframework.boot.test.context.filter.ExcludeFilterContextCustomizer@30af858, org.springframework.boot.test.json.DuplicateJsonObjectContextCustomizerFactory$DuplicateJsonObjectContextCustomizer@2c9b348f, org.springframework.boot.test.mock.mockito.MockitoContextCustomizer@0, org.springframework.boot.test.web.client.TestRestTemplateContextCustomizer@4fc06bce, org.springframework.boot.test.web.reactive.server.WebTestClientContextCustomizer@5891ce4d, org.springframework.boot.test.context.SpringBootTestArgs@1, org.springframework.boot.test.context.SpringBootTestWebEnvironment@37d4c9bb], resourceBasePath = 'src/main/webapp', contextLoader = 'org.springframework.boot.test.context.SpringBootContextLoader', parent = [null]], attributes = map['org.springframework.test.context.web.ServletTestExecutionListener.activateListener' -> false]]].
02:23:49.184 [Test worker] DEBUG org.springframework.test.context.support.TestPropertySourceUtils - Adding inlined properties to environment: {spring.jmx.enabled=false, org.springframework.boot.test.context.SpringBootTestContextBootstrapper=true, server.port=0}

  .   ____          _            __ _ _
 /\\ / ___'_ __ _ _(_)_ __  __ _ \ \ \ \
( ( )\___ | '_ | '_| | '_ \/ _` | \ \ \ \
 \\/  ___)| |_)| | | | | || (_| |  ) ) ) )
  '  |____| .__|_| |_|_| |_\__, | / / / /
 =========|_|==============|___/=/_/_/_/
 :: Spring Boot ::       (v2.4.0-SNAPSHOT)

2022-08-20 02:23:49.704  INFO 16121 --- [    Test worker] n.subway.station.StationAcceptanceTest   : Starting StationAcceptanceTest using Java 1.8.0_342 on ip-192-168-15-12 with PID 16121 (started by ubuntu in /home/ubuntu/nextstep6/infra-subway-deploy)
2022-08-20 02:23:49.706  INFO 16121 --- [    Test worker] n.subway.station.StationAcceptanceTest   : The following profiles are active: local
2022-08-20 02:23:50.588  INFO 16121 --- [    Test worker] .s.d.r.c.RepositoryConfigurationDelegate : Bootstrapping Spring Data JPA repositories in DEFAULT mode.
2022-08-20 02:23:50.683  INFO 16121 --- [    Test worker] .s.d.r.c.RepositoryConfigurationDelegate : Finished Spring Data repository scanning in 84 ms. Found 4 JPA repository interfaces.
2022-08-20 02:23:51.469  INFO 16121 --- [    Test worker] trationDelegate$BeanPostProcessorChecker : Bean 'pl.allegro.tech.boot.autoconfigure.handlebars.HandlebarsHelpersAutoConfiguration' of type [pl.allegro.tech.boot.autoconfigure.handlebars.HandlebarsHelpersAutoConfiguration$$EnhancerBySpringCGLIB$$44c62673] is not eligible for getting processed by all BeanPostProcessors (for example: not eligible for auto-proxying)
2022-08-20 02:23:51.500  INFO 16121 --- [    Test worker] trationDelegate$BeanPostProcessorChecker : Bean 'handlebars.resolver-pl.allegro.tech.boot.autoconfigure.handlebars.HandlebarsValueResolversProperties' of type [pl.allegro.tech.boot.autoconfigure.handlebars.HandlebarsValueResolversProperties] is not eligible for getting processed by all BeanPostProcessors (for example: not eligible for auto-proxying)
2022-08-20 02:23:51.526  INFO 16121 --- [    Test worker] trationDelegate$BeanPostProcessorChecker : Bean 'handlebars-pl.allegro.tech.boot.autoconfigure.handlebars.HandlebarsProperties' of type [pl.allegro.tech.boot.autoconfigure.handlebars.HandlebarsProperties] is not eligible for getting processed by all BeanPostProcessors (for example: not eligible for auto-proxying)
2022-08-20 02:23:51.530  INFO 16121 --- [    Test worker] trationDelegate$BeanPostProcessorChecker : Bean 'pl.allegro.tech.boot.autoconfigure.handlebars.HandlebarsAutoConfiguration$HandlebarsViewResolverConfiguration' of type [pl.allegro.tech.boot.autoconfigure.handlebars.HandlebarsAutoConfiguration$HandlebarsViewResolverConfiguration$$EnhancerBySpringCGLIB$$57ad5111] is not eligible for getting processed by all BeanPostProcessors (for example: not eligible for auto-proxying)
2022-08-20 02:23:51.787  INFO 16121 --- [    Test worker] trationDelegate$BeanPostProcessorChecker : Bean 'handlebarsViewResolver' of type [com.github.jknack.handlebars.springmvc.HandlebarsViewResolver] is not eligible for getting processed by all BeanPostProcessors (for example: not eligible for auto-proxying)
2022-08-20 02:23:52.248  INFO 16121 --- [    Test worker] o.s.b.w.embedded.tomcat.TomcatWebServer  : Tomcat initialized with port(s): 0 (http)
2022-08-20 02:23:52.264  INFO 16121 --- [    Test worker] o.apache.catalina.core.StandardService   : Starting service [Tomcat]
2022-08-20 02:23:52.265  INFO 16121 --- [    Test worker] org.apache.catalina.core.StandardEngine  : Starting Servlet engine: [Apache Tomcat/9.0.39]
2022-08-20 02:23:52.380  INFO 16121 --- [    Test worker] o.a.c.c.C.[Tomcat].[localhost].[/]       : Initializing Spring embedded WebApplicationContext
2022-08-20 02:23:52.381  INFO 16121 --- [    Test worker] w.s.c.ServletWebServerApplicationContext : Root WebApplicationContext: initialization completed in 2310 ms
2022-08-20 02:23:52.547  INFO 16121 --- [    Test worker] n.r.s.b.l.access.LogbackAccessContext    : Configured the Logback-access: context=[default], config=[classpath:logback-access.xml]
2022-08-20 02:23:52.824  INFO 16121 --- [    Test worker] o.hibernate.jpa.internal.util.LogHelper  : HHH000204: Processing PersistenceUnitInfo [name: default]
2022-08-20 02:23:52.891  INFO 16121 --- [    Test worker] org.hibernate.Version                    : HHH000412: Hibernate ORM core version 5.4.23.Final
2022-08-20 02:23:53.135  INFO 16121 --- [    Test worker] o.hibernate.annotations.common.Version   : HCANN000001: Hibernate Commons Annotations {5.1.2.Final}
2022-08-20 02:23:53.275  INFO 16121 --- [    Test worker] com.zaxxer.hikari.HikariDataSource       : HikariPool-1 - Starting...
2022-08-20 02:23:53.506  INFO 16121 --- [    Test worker] com.zaxxer.hikari.HikariDataSource       : HikariPool-1 - Start completed.
2022-08-20 02:23:53.553  INFO 16121 --- [    Test worker] org.hibernate.dialect.Dialect            : HHH000400: Using dialect: org.hibernate.dialect.H2Dialect
Hibernate: 
    
    drop table if exists favorite CASCADE 
Hibernate: 
    
    drop table if exists line CASCADE 
Hibernate: 
    
    drop table if exists member CASCADE 
Hibernate: 
    
    drop table if exists section CASCADE 
Hibernate: 
    
    drop table if exists station CASCADE 
Hibernate: 
    
    create table favorite (
       id bigint generated by default as identity,
        created_date timestamp,
        modified_date timestamp,
        member_id bigint,
        source_station_id bigint,
        target_station_id bigint,
        primary key (id)
    )
Hibernate: 
    
    create table line (
       id bigint generated by default as identity,
        created_date timestamp,
        modified_date timestamp,
        color varchar(255),
        name varchar(255),
        primary key (id)
    )
Hibernate: 
    
    create table member (
       id bigint generated by default as identity,
        created_date timestamp,
        modified_date timestamp,
        age integer,
        email varchar(255),
        password varchar(255),
        primary key (id)
    )
Hibernate: 
    
    create table section (
       id bigint generated by default as identity,
        distance integer not null,
        down_station_id bigint,
        line_id bigint,
        up_station_id bigint,
        primary key (id)
    )
Hibernate: 
    
    create table station (
       id bigint generated by default as identity,
        created_date timestamp,
        modified_date timestamp,
        name varchar(255),
        primary key (id)
    )
Hibernate: 
    
    alter table line 
       add constraint UK_9ney9davbulf79nmn9vg6k7tn unique (name)
Hibernate: 
    
    alter table station 
       add constraint UK_gnneuc0peq2qi08yftdjhy7ok unique (name)
Hibernate: 
    
    alter table section 
       add constraint FKtecjgrtoxbeeqpymapva62xfw 
       foreign key (down_station_id) 
       references station
Hibernate: 
    
    alter table section 
       add constraint FKlfhpg8lrvyr948juittt221ux 
       foreign key (line_id) 
       references line
Hibernate: 
    
    alter table section 
       add constraint FK18bw17tb86fh1igov96s9i6he 
       foreign key (up_station_id) 
       references station
2022-08-20 02:23:54.866  INFO 16121 --- [    Test worker] o.h.e.t.j.p.i.JtaPlatformInitiator       : HHH000490: Using JtaPlatform implementation: [org.hibernate.engine.transaction.jta.platform.internal.NoJtaPlatform]
2022-08-20 02:23:54.874  INFO 16121 --- [    Test worker] j.LocalContainerEntityManagerFactoryBean : Initialized JPA EntityManagerFactory for persistence unit 'default'
2022-08-20 02:23:55.729  WARN 16121 --- [    Test worker] JpaBaseConfiguration$JpaWebConfiguration : spring.jpa.open-in-view is enabled by default. Therefore, database queries may be performed during view rendering. Explicitly configure spring.jpa.open-in-view to disable this warning
2022-08-20 02:23:56.032  INFO 16121 --- [    Test worker] o.s.s.concurrent.ThreadPoolTaskExecutor  : Initializing ExecutorService 'applicationTaskExecutor'
2022-08-20 02:23:56.177  INFO 16121 --- [    Test worker] o.s.b.a.w.s.WelcomePageHandlerMapping    : Adding welcome page template: index
2022-08-20 02:23:56.892  INFO 16121 --- [    Test worker] o.s.b.w.embedded.tomcat.TomcatWebServer  : Tomcat started on port(s): 37811 (http) with context path ''
2022-08-20 02:23:56.912  INFO 16121 --- [    Test worker] n.subway.station.StationAcceptanceTest   : Started StationAcceptanceTest in 7.725 seconds (JVM running for 9.249)
Hibernate: 
    
SET
    REFERENTIAL_INTEGRITY FALSE
Hibernate: 
    TRUNCATE TABLE section
Hibernate: 
    ALTER TABLE section ALTER COLUMN ID RESTART WITH 1
Hibernate: 
    TRUNCATE TABLE line
Hibernate: 
    ALTER TABLE line ALTER COLUMN ID RESTART WITH 1
Hibernate: 
    TRUNCATE TABLE favorite
Hibernate: 
    ALTER TABLE favorite ALTER COLUMN ID RESTART WITH 1
Hibernate: 
    TRUNCATE TABLE station
Hibernate: 
    ALTER TABLE station ALTER COLUMN ID RESTART WITH 1
Hibernate: 
    TRUNCATE TABLE member
Hibernate: 
    ALTER TABLE member ALTER COLUMN ID RESTART WITH 1
Hibernate: 
    
SET
    REFERENTIAL_INTEGRITY TRUE
Request method:	POST
Request URI:	http://localhost:37811/stations
Proxy:			<none>
Request params:	<none>
Query params:	<none>
Form params:	<none>
Path params:	<none>
Headers:		Accept=*/*
				Content-Type=application/json; charset=UTF-8
Cookies:		<none>
Multiparts:		<none>
Body:
{
    "name": "강남역"
}
2022-08-20 02:23:58.405  INFO 16121 --- [o-auto-1-exec-1] o.a.c.c.C.[Tomcat].[localhost].[/]       : Initializing Spring DispatcherServlet 'dispatcherServlet'
2022-08-20 02:23:58.406  INFO 16121 --- [o-auto-1-exec-1] o.s.web.servlet.DispatcherServlet        : Initializing Servlet 'dispatcherServlet'
2022-08-20 02:23:58.411  INFO 16121 --- [o-auto-1-exec-1] o.s.web.servlet.DispatcherServlet        : Completed initialization in 5 ms
Hibernate: 
    insert 
    into
        station
        (id, created_date, modified_date, name) 
    values
        (null, ?, ?, ?)
2022-08-20 02:23:58.637 TRACE 16121 --- [o-auto-1-exec-1] o.h.type.descriptor.sql.BasicBinder      : binding parameter [1] as [TIMESTAMP] - [2022-08-20T02:23:58.589]
2022-08-20 02:23:58.648 TRACE 16121 --- [o-auto-1-exec-1] o.h.type.descriptor.sql.BasicBinder      : binding parameter [2] as [TIMESTAMP] - [2022-08-20T02:23:58.589]
2022-08-20 02:23:58.649 TRACE 16121 --- [o-auto-1-exec-1] o.h.type.descriptor.sql.BasicBinder      : binding parameter [3] as [VARCHAR] - [강남역]
POST /stations HTTP/1.1
accept: */*
content-type: application/json; charset=UTF-8
content-length: 20
host: localhost:37811
connection: Keep-Alive
user-agent: Apache-HttpClient/4.5.13 (Java/1.8.0_342)
accept-encoding: gzip,deflate



HTTP/1.1 201 Created
Transfer-Encoding: chunked
Keep-Alive: timeout=60
Connection: keep-alive
Date: Fri, 19 Aug 2022 17:23:58 GMT
Location: /stations/1
Content-Type: application/json



HTTP/1.1 201 
Location: /stations/1
Content-Type: application/json
Transfer-Encoding: chunked
Date: Fri, 19 Aug 2022 17:23:58 GMT
Keep-Alive: timeout=60
Connection: keep-alive

{
    "id": 1,
    "name": "강남역",
    "createdDate": "2022-08-20T02:23:58.589",
    "modifiedDate": "2022-08-20T02:23:58.589"
}
Request method:	DELETE
Request URI:	http://localhost:37811/stations/1
Proxy:			<none>
Request params:	<none>
Query params:	<none>
Form params:	<none>
Path params:	<none>
Headers:		Accept=*/*
Cookies:		<none>
Multiparts:		<none>
Body:			<none>
Hibernate: 
    select
        station0_.id as id1_4_0_,
        station0_.created_date as created_2_4_0_,
        station0_.modified_date as modified3_4_0_,
        station0_.name as name4_4_0_ 
    from
        station station0_ 
    where
        station0_.id=?
2022-08-20 02:23:58.870 TRACE 16121 --- [o-auto-1-exec-2] o.h.type.descriptor.sql.BasicBinder      : binding parameter [1] as [BIGINT] - [1]
2022-08-20 02:23:58.881 TRACE 16121 --- [o-auto-1-exec-2] o.h.type.descriptor.sql.BasicExtractor   : extracted value ([created_2_4_0_] : [TIMESTAMP]) - [2022-08-20T02:23:58.589]
2022-08-20 02:23:58.883 TRACE 16121 --- [o-auto-1-exec-2] o.h.type.descriptor.sql.BasicExtractor   : extracted value ([modified3_4_0_] : [TIMESTAMP]) - [2022-08-20T02:23:58.589]
2022-08-20 02:23:58.887 TRACE 16121 --- [o-auto-1-exec-2] o.h.type.descriptor.sql.BasicExtractor   : extracted value ([name4_4_0_] : [VARCHAR]) - [강남역]
Hibernate: 
    delete 
    from
        station 
    where
        id=?
2022-08-20 02:23:58.910 TRACE 16121 --- [o-auto-1-exec-2] o.h.type.descriptor.sql.BasicBinder      : binding parameter [1] as [BIGINT] - [1]
HTTP/1.1 204 
Date: Fri, 19 Aug 2022 17:23:58 GMT
Keep-Alive: timeout=60
Connection: keep-alive
DELETE /stations/1 HTTP/1.1
accept: */*
host: localhost:37811
connection: Keep-Alive
user-agent: Apache-HttpClient/4.5.13 (Java/1.8.0_342)
accept-encoding: gzip,deflate



HTTP/1.1 204 No Content
Keep-Alive: timeout=60
Connection: keep-alive
Date: Fri, 19 Aug 2022 17:23:58 GMT



Hibernate: 
    
SET
    REFERENTIAL_INTEGRITY FALSE
Hibernate: 
    TRUNCATE TABLE section
Hibernate: 
    ALTER TABLE section ALTER COLUMN ID RESTART WITH 1
Hibernate: 
    TRUNCATE TABLE line
Hibernate: 
    ALTER TABLE line ALTER COLUMN ID RESTART WITH 1
Hibernate: 
    TRUNCATE TABLE favorite
Hibernate: 
    ALTER TABLE favorite ALTER COLUMN ID RESTART WITH 1
Hibernate: 
    TRUNCATE TABLE station
Hibernate: 
    ALTER TABLE station ALTER COLUMN ID RESTART WITH 1
Hibernate: 
    TRUNCATE TABLE member
Hibernate: 
    ALTER TABLE member ALTER COLUMN ID RESTART WITH 1
Hibernate: 
    
SET
    REFERENTIAL_INTEGRITY TRUE
Request method:	POST
Request URI:	http://localhost:37811/stations
Proxy:			<none>
Request params:	<none>
Query params:	<none>
Form params:	<none>
Path params:	<none>
Headers:		Accept=*/*
				Content-Type=application/json; charset=UTF-8
Cookies:		<none>
Multiparts:		<none>
Body:
{
    "name": "강남역"
}
Hibernate: 
    insert 
    into
        station
        (id, created_date, modified_date, name) 
    values
        (null, ?, ?, ?)
2022-08-20 02:23:59.073 TRACE 16121 --- [o-auto-1-exec-3] o.h.type.descriptor.sql.BasicBinder      : binding parameter [1] as [TIMESTAMP] - [2022-08-20T02:23:59.071]
2022-08-20 02:23:59.073 TRACE 16121 --- [o-auto-1-exec-3] o.h.type.descriptor.sql.BasicBinder      : binding parameter [2] as [TIMESTAMP] - [2022-08-20T02:23:59.071]
2022-08-20 02:23:59.073 TRACE 16121 --- [o-auto-1-exec-3] o.h.type.descriptor.sql.BasicBinder      : binding parameter [3] as [VARCHAR] - [강남역]
HTTP/1.1 201 
POST /stations HTTP/1.1
accept: */*
content-type: application/json; charset=UTF-8
content-length: 20
host: localhost:37811
connection: Keep-Alive
user-agent: Apache-HttpClient/4.5.13 (Java/1.8.0_342)
accept-encoding: gzip,deflate



HTTP/1.1 201 Created
Transfer-Encoding: chunked
Keep-Alive: timeout=60
Connection: keep-alive
Date: Fri, 19 Aug 2022 17:23:58 GMT
Location: /stations/1
Content-Type: application/json



Location: /stations/1
Content-Type: application/json
Transfer-Encoding: chunked
Date: Fri, 19 Aug 2022 17:23:58 GMT
Keep-Alive: timeout=60
Connection: keep-alive

{
    "id": 1,
    "name": "강남역",
    "createdDate": "2022-08-20T02:23:59.071",
    "modifiedDate": "2022-08-20T02:23:59.071"
}
Request method:	POST
Request URI:	http://localhost:37811/stations
Proxy:			<none>
Request params:	<none>
Query params:	<none>
Form params:	<none>
Path params:	<none>
Headers:		Accept=*/*
				Content-Type=application/json; charset=UTF-8
Cookies:		<none>
Multiparts:		<none>
Body:
{
    "name": "역삼역"
}
Hibernate: 
    insert 
    into
        station
        (id, created_date, modified_date, name) 
    values
        (null, ?, ?, ?)
2022-08-20 02:23:59.104 TRACE 16121 --- [o-auto-1-exec-4] o.h.type.descriptor.sql.BasicBinder      : binding parameter [1] as [TIMESTAMP] - [2022-08-20T02:23:59.103]
2022-08-20 02:23:59.104 TRACE 16121 --- [o-auto-1-exec-4] o.h.type.descriptor.sql.BasicBinder      : binding parameter [2] as [TIMESTAMP] - [2022-08-20T02:23:59.103]
2022-08-20 02:23:59.105 TRACE 16121 --- [o-auto-1-exec-4] o.h.type.descriptor.sql.BasicBinder      : binding parameter [3] as [VARCHAR] - [역삼역]
POST /stations HTTP/1.1
accept: */*
content-type: application/json; charset=UTF-8
content-length: 20
host: localhost:37811
connection: Keep-Alive
user-agent: Apache-HttpClient/4.5.13 (Java/1.8.0_342)
accept-encoding: gzip,deflate

HTTP/1.1 201 
Location: /stations/2
Content-Type: application/json
Transfer-Encoding: chunked
Date: Fri, 19 Aug 2022 17:23:58 GMT
Keep-Alive: timeout=60
Connection: keep-alive

{
    "id": 2,
    "name": "역삼역",
    "createdDate": "2022-08-20T02:23:59.103",
    "modifiedDate": "2022-08-20T02:23:59.103"
}


HTTP/1.1 201 Created
Transfer-Encoding: chunked
Keep-Alive: timeout=60
Connection: keep-alive
Date: Fri, 19 Aug 2022 17:23:58 GMT
Location: /stations/2
Content-Type: application/json



Request method:	GET
Request URI:	http://localhost:37811/stations
Proxy:			<none>
Request params:	<none>
Query params:	<none>
Form params:	<none>
Path params:	<none>
Headers:		Accept=*/*
Cookies:		<none>
Multiparts:		<none>
Body:			<none>
Hibernate: 
    select
        station0_.id as id1_4_,
        station0_.created_date as created_2_4_,
        station0_.modified_date as modified3_4_,
        station0_.name as name4_4_ 
    from
        station station0_
2022-08-20 02:23:59.250 TRACE 16121 --- [o-auto-1-exec-5] o.h.type.descriptor.sql.BasicExtractor   : extracted value ([id1_4_] : [BIGINT]) - [1]
2022-08-20 02:23:59.250 TRACE 16121 --- [o-auto-1-exec-5] o.h.type.descriptor.sql.BasicExtractor   : extracted value ([created_2_4_] : [TIMESTAMP]) - [2022-08-20T02:23:59.071]
2022-08-20 02:23:59.251 TRACE 16121 --- [o-auto-1-exec-5] o.h.type.descriptor.sql.BasicExtractor   : extracted value ([modified3_4_] : [TIMESTAMP]) - [2022-08-20T02:23:59.071]
2022-08-20 02:23:59.251 TRACE 16121 --- [o-auto-1-exec-5] o.h.type.descriptor.sql.BasicExtractor   : extracted value ([name4_4_] : [VARCHAR]) - [강남역]
2022-08-20 02:23:59.251 TRACE 16121 --- [o-auto-1-exec-5] o.h.type.descriptor.sql.BasicExtractor   : extracted value ([id1_4_] : [BIGINT]) - [2]
2022-08-20 02:23:59.252 TRACE 16121 --- [o-auto-1-exec-5] o.h.type.descriptor.sql.BasicExtractor   : extracted value ([created_2_4_] : [TIMESTAMP]) - [2022-08-20T02:23:59.103]
2022-08-20 02:23:59.252 TRACE 16121 --- [o-auto-1-exec-5] o.h.type.descriptor.sql.BasicExtractor   : extracted value ([modified3_4_] : [TIMESTAMP]) - [2022-08-20T02:23:59.103]
2022-08-20 02:23:59.252 TRACE 16121 --- [o-auto-1-exec-5] o.h.type.descriptor.sql.BasicExtractor   : extracted value ([name4_4_] : [VARCHAR]) - [역삼역]
HTTP/1.1 200 
Content-Type: application/json
Transfer-Encoding: chunked
Date: Fri, 19 Aug 2022 17:23:58 GMT
Keep-Alive: timeout=60
Connection: keep-alive

[
    {
        "id": 1,
        "name": "강남역",
        "createdDate": "2022-08-20T02:23:59.071",
        "modifiedDate": "2022-08-20T02:23:59.071"
    },
    {
        "id": 2,
        "name": "역삼역",
        "createdDate": "2022-08-20T02:23:59.103",
        "modifiedDate": "2022-08-20T02:23:59.103"
    }
]
GET /stations HTTP/1.1
accept: */*
host: localhost:37811
connection: Keep-Alive
user-agent: Apache-HttpClient/4.5.13 (Java/1.8.0_342)
accept-encoding: gzip,deflate



HTTP/1.1 200 OK
Transfer-Encoding: chunked
Keep-Alive: timeout=60
Connection: keep-alive
Date: Fri, 19 Aug 2022 17:23:58 GMT
Content-Type: application/json



Hibernate: 
    
SET
    REFERENTIAL_INTEGRITY FALSE
Hibernate: 
    TRUNCATE TABLE section
Hibernate: 
    ALTER TABLE section ALTER COLUMN ID RESTART WITH 1
Hibernate: 
    TRUNCATE TABLE line
Hibernate: 
    ALTER TABLE line ALTER COLUMN ID RESTART WITH 1
Hibernate: 
    TRUNCATE TABLE favorite
Hibernate: 
    ALTER TABLE favorite ALTER COLUMN ID RESTART WITH 1
Hibernate: 
    TRUNCATE TABLE station
Hibernate: 
    ALTER TABLE station ALTER COLUMN ID RESTART WITH 1
Hibernate: 
    TRUNCATE TABLE member
Hibernate: 
    ALTER TABLE member ALTER COLUMN ID RESTART WITH 1
Hibernate: 
    
SET
    REFERENTIAL_INTEGRITY TRUE
Request method:	POST
Request URI:	http://localhost:37811/stations
Proxy:			<none>
Request params:	<none>
Query params:	<none>
Form params:	<none>
Path params:	<none>
Headers:		Accept=*/*
				Content-Type=application/json; charset=UTF-8
Cookies:		<none>
Multiparts:		<none>
Body:
{
    "name": "강남역"
}
Hibernate: 
    insert 
    into
        station
        (id, created_date, modified_date, name) 
    values
        (null, ?, ?, ?)
2022-08-20 02:23:59.474 TRACE 16121 --- [o-auto-1-exec-6] o.h.type.descriptor.sql.BasicBinder      : binding parameter [1] as [TIMESTAMP] - [2022-08-20T02:23:59.473]
2022-08-20 02:23:59.475 TRACE 16121 --- [o-auto-1-exec-6] o.h.type.descriptor.sql.BasicBinder      : binding parameter [2] as [TIMESTAMP] - [2022-08-20T02:23:59.473]
2022-08-20 02:23:59.475 TRACE 16121 --- [o-auto-1-exec-6] o.h.type.descriptor.sql.BasicBinder      : binding parameter [3] as [VARCHAR] - [강남역]
POST /stations HTTP/1.1
HTTP/1.1 201 
Location: /stations/1
Content-Type: application/json
Transfer-Encoding: chunked
Date: Fri, 19 Aug 2022 17:23:58 GMT
Keep-Alive: timeout=60
Connection: keep-alive

{
    "id": 1,
    "name": "강남역",
    "createdDate": "2022-08-20T02:23:59.473",
    "modifiedDate": "2022-08-20T02:23:59.473"
}
accept: */*
content-type: application/json; charset=UTF-8
content-length: 20
host: localhost:37811
connection: Keep-Alive
user-agent: Apache-HttpClient/4.5.13 (Java/1.8.0_342)
accept-encoding: gzip,deflate



HTTP/1.1 201 Created
Transfer-Encoding: chunked
Keep-Alive: timeout=60
Connection: keep-alive
Date: Fri, 19 Aug 2022 17:23:58 GMT
Location: /stations/1
Content-Type: application/json



Hibernate: 
    
SET
    REFERENTIAL_INTEGRITY FALSE
Hibernate: 
    TRUNCATE TABLE section
Hibernate: 
    ALTER TABLE section ALTER COLUMN ID RESTART WITH 1
Hibernate: 
    TRUNCATE TABLE line
Hibernate: 
    ALTER TABLE line ALTER COLUMN ID RESTART WITH 1
Hibernate: 
    TRUNCATE TABLE favorite
Hibernate: 
    ALTER TABLE favorite ALTER COLUMN ID RESTART WITH 1
Hibernate: 
    TRUNCATE TABLE station
Hibernate: 
    ALTER TABLE station ALTER COLUMN ID RESTART WITH 1
Hibernate: 
    TRUNCATE TABLE member
Hibernate: 
    ALTER TABLE member ALTER COLUMN ID RESTART WITH 1
Hibernate: 
    
SET
    REFERENTIAL_INTEGRITY TRUE
Request method:	POST
Request URI:	http://localhost:37811/stations
Proxy:			<none>
Request params:	<none>
Query params:	<none>
Form params:	<none>
Path params:	<none>
Headers:		Accept=*/*
				Content-Type=application/json; charset=UTF-8
Cookies:		<none>
Multiparts:		<none>
Body:
{
    "name": "강남역"
}
Hibernate: 
    insert 
    into
        station
        (id, created_date, modified_date, name) 
    values
        (null, ?, ?, ?)
2022-08-20 02:23:59.517 TRACE 16121 --- [o-auto-1-exec-7] o.h.type.descriptor.sql.BasicBinder      : binding parameter [1] as [TIMESTAMP] - [2022-08-20T02:23:59.516]
2022-08-20 02:23:59.518 TRACE 16121 --- [o-auto-1-exec-7] o.h.type.descriptor.sql.BasicBinder      : binding parameter [2] as [TIMESTAMP] - [2022-08-20T02:23:59.516]
2022-08-20 02:23:59.518 TRACE 16121 --- [o-auto-1-exec-7] o.h.type.descriptor.sql.BasicBinder      : binding parameter [3] as [VARCHAR] - [강남역]
POST /stations HTTP/1.1
accept: */*
content-type: application/json; charset=UTF-8
content-length: 20
host: localhost:37811
connection: Keep-Alive
user-agent: Apache-HttpClient/4.5.13 (Java/1.8.0_342)
accept-encoding: gzip,deflate



HTTP/1.1 201 
Location: /stations/1
Content-Type: application/json
Transfer-Encoding: chunked
Date: Fri, 19 Aug 2022 17:23:58 GMT
Keep-Alive: timeout=60
Connection: keep-alive

{
    "id": 1,
    "name": "강남역",
    "createdDate": "2022-08-20T02:23:59.516",
    "modifiedDate": "2022-08-20T02:23:59.516"
}
HTTP/1.1 201 Created
Transfer-Encoding: chunked
Keep-Alive: timeout=60
Connection: keep-alive
Date: Fri, 19 Aug 2022 17:23:58 GMT
Location: /stations/1
Content-Type: application/json



Request method:	POST
Request URI:	http://localhost:37811/stations
Proxy:			<none>
Request params:	<none>
Query params:	<none>
Form params:	<none>
Path params:	<none>
Headers:		Accept=*/*
				Content-Type=application/json; charset=UTF-8
Cookies:		<none>
Multiparts:		<none>
Body:
{
    "name": "강남역"
}
Hibernate: 
    insert 
    into
        station
        (id, created_date, modified_date, name) 
    values
        (null, ?, ?, ?)
2022-08-20 02:23:59.539 TRACE 16121 --- [o-auto-1-exec-8] o.h.type.descriptor.sql.BasicBinder      : binding parameter [1] as [TIMESTAMP] - [2022-08-20T02:23:59.538]
2022-08-20 02:23:59.539 TRACE 16121 --- [o-auto-1-exec-8] o.h.type.descriptor.sql.BasicBinder      : binding parameter [2] as [TIMESTAMP] - [2022-08-20T02:23:59.538]
2022-08-20 02:23:59.539 TRACE 16121 --- [o-auto-1-exec-8] o.h.type.descriptor.sql.BasicBinder      : binding parameter [3] as [VARCHAR] - [강남역]
2022-08-20 02:23:59.541  WARN 16121 --- [o-auto-1-exec-8] o.h.engine.jdbc.spi.SqlExceptionHelper   : SQL Error: 23505, SQLState: 23505
2022-08-20 02:23:59.541 ERROR 16121 --- [o-auto-1-exec-8] o.h.engine.jdbc.spi.SqlExceptionHelper   : Unique index or primary key violation: "PUBLIC.UK_GNNEUC0PEQ2QI08YFTDJHY7OK_INDEX_B ON PUBLIC.STATION(NAME) VALUES 1"; SQL statement:
insert into station (id, created_date, modified_date, name) values (null, ?, ?, ?) [23505-200]
HTTP/1.1 400 
Content-Length: 0
Date: Fri, 19 Aug 2022 17:23:58 GMT
Connection: close
POST /stations HTTP/1.1
accept: */*
content-type: application/json; charset=UTF-8
content-length: 20
host: localhost:37811
connection: Keep-Alive
user-agent: Apache-HttpClient/4.5.13 (Java/1.8.0_342)
accept-encoding: gzip,deflate



HTTP/1.1 400 Bad Request
Connection: close
Content-Length: 0
Date: Fri, 19 Aug 2022 17:23:58 GMT



]]></system-out>
  <system-err><![CDATA[]]></system-err>
</testsuite>
