<?xml version="1.0" encoding="UTF-8"?>
<testsuite name="지하철 노선 관련 기능" tests="6" skipped="0" failures="0" errors="0" timestamp="2022-08-19T17:24:02" hostname="ip-192-168-15-12" time="0.748">
  <properties/>
  <testcase name="지하철 노선을 수정한다." classname="nextstep.subway.line.acceptance.LineAcceptanceTest" time="0.105"/>
  <testcase name="지하철 노선을 조회한다." classname="nextstep.subway.line.acceptance.LineAcceptanceTest" time="0.126"/>
  <testcase name="기존에 존재하는 지하철 노선 이름으로 지하철 노선을 생성한다." classname="nextstep.subway.line.acceptance.LineAcceptanceTest" time="0.19"/>
  <testcase name="지하철 노선을 생성한다." classname="nextstep.subway.line.acceptance.LineAcceptanceTest" time="0.073"/>
  <testcase name="지하철 노선을 제거한다." classname="nextstep.subway.line.acceptance.LineAcceptanceTest" time="0.109"/>
  <testcase name="지하철 노선 목록을 조회한다." classname="nextstep.subway.line.acceptance.LineAcceptanceTest" time="0.134"/>
  <system-out><![CDATA[2022-08-20 02:24:02.051  INFO 16121 --- [    Test worker] .b.t.c.SpringBootTestContextBootstrapper : Neither @ContextConfiguration nor @ContextHierarchy found for test class [nextstep.subway.line.acceptance.LineAcceptanceTest], using SpringBootContextLoader
2022-08-20 02:24:02.052  INFO 16121 --- [    Test worker] o.s.t.c.support.AbstractContextLoader    : Could not detect default resource locations for test class [nextstep.subway.line.acceptance.LineAcceptanceTest]: no resource found for suffixes {-context.xml, Context.groovy}.
2022-08-20 02:24:02.052  INFO 16121 --- [    Test worker] t.c.s.AnnotationConfigContextLoaderUtils : Could not detect default configuration classes for test class [nextstep.subway.line.acceptance.LineAcceptanceTest]: LineAcceptanceTest does not declare any static, non-private, non-final, nested classes annotated with @Configuration.
2022-08-20 02:24:02.053  INFO 16121 --- [    Test worker] .b.t.c.SpringBootTestContextBootstrapper : Found @SpringBootConfiguration nextstep.subway.SubwayApplication for test class nextstep.subway.line.acceptance.LineAcceptanceTest
2022-08-20 02:24:02.054  INFO 16121 --- [    Test worker] .b.t.c.SpringBootTestContextBootstrapper : Loaded default TestExecutionListener class names from location [META-INF/spring.factories]: [org.springframework.boot.test.autoconfigure.restdocs.RestDocsTestExecutionListener, org.springframework.boot.test.autoconfigure.web.client.MockRestServiceServerResetTestExecutionListener, org.springframework.boot.test.autoconfigure.web.servlet.MockMvcPrintOnlyOnFailureTestExecutionListener, org.springframework.boot.test.autoconfigure.web.servlet.WebDriverTestExecutionListener, org.springframework.boot.test.autoconfigure.webservices.client.MockWebServiceServerTestExecutionListener, org.springframework.boot.test.mock.mockito.MockitoTestExecutionListener, org.springframework.boot.test.mock.mockito.ResetMocksTestExecutionListener, org.springframework.test.context.web.ServletTestExecutionListener, org.springframework.test.context.support.DirtiesContextBeforeModesTestExecutionListener, org.springframework.test.context.support.DependencyInjectionTestExecutionListener, org.springframework.test.context.support.DirtiesContextTestExecutionListener, org.springframework.test.context.transaction.TransactionalTestExecutionListener, org.springframework.test.context.jdbc.SqlScriptsTestExecutionListener, org.springframework.test.context.event.EventPublishingTestExecutionListener]
2022-08-20 02:24:02.055  INFO 16121 --- [    Test worker] .b.t.c.SpringBootTestContextBootstrapper : Using TestExecutionListeners: [org.springframework.test.context.web.ServletTestExecutionListener@51abeb64, org.springframework.test.context.support.DirtiesContextBeforeModesTestExecutionListener@37c62443, org.springframework.boot.test.mock.mockito.MockitoTestExecutionListener@3828a148, org.springframework.boot.test.autoconfigure.SpringBootDependencyInjectionTestExecutionListener@70b2f15, org.springframework.test.context.support.DirtiesContextTestExecutionListener@9f5145b, org.springframework.test.context.transaction.TransactionalTestExecutionListener@f97cd1a, org.springframework.test.context.jdbc.SqlScriptsTestExecutionListener@72481f41, org.springframework.test.context.event.EventPublishingTestExecutionListener@2c65e59a, org.springframework.boot.test.autoconfigure.restdocs.RestDocsTestExecutionListener@d937b81, org.springframework.boot.test.autoconfigure.web.client.MockRestServiceServerResetTestExecutionListener@3c5d8834, org.springframework.boot.test.autoconfigure.web.servlet.MockMvcPrintOnlyOnFailureTestExecutionListener@edd3ae9, org.springframework.boot.test.autoconfigure.web.servlet.WebDriverTestExecutionListener@d97579d, org.springframework.boot.test.autoconfigure.webservices.client.MockWebServiceServerTestExecutionListener@1bce7add, org.springframework.boot.test.mock.mockito.ResetMocksTestExecutionListener@4b825db8]
Hibernate: 
    
SET
    REFERENTIAL_INTEGRITY FALSE
Hibernate: 
    TRUNCATE TABLE section
Hibernate: 
    ALTER TABLE section ALTER COLUMN ID RESTART WITH 1
Hibernate: 
    TRUNCATE TABLE line
Hibernate: 
    ALTER TABLE line ALTER COLUMN ID RESTART WITH 1
Hibernate: 
    TRUNCATE TABLE favorite
Hibernate: 
    ALTER TABLE favorite ALTER COLUMN ID RESTART WITH 1
Hibernate: 
    TRUNCATE TABLE station
Hibernate: 
    ALTER TABLE station ALTER COLUMN ID RESTART WITH 1
Hibernate: 
    TRUNCATE TABLE member
Hibernate: 
    ALTER TABLE member ALTER COLUMN ID RESTART WITH 1
Hibernate: 
    
SET
    REFERENTIAL_INTEGRITY TRUE
Request method:	POST
Request URI:	http://localhost:37811/stations
Proxy:			<none>
Request params:	<none>
Query params:	<none>
Form params:	<none>
Path params:	<none>
Headers:		Accept=*/*
				Content-Type=application/json; charset=UTF-8
Cookies:		<none>
Multiparts:		<none>
Body:
{
    "name": "강남역"
}
Hibernate: 
    insert 
    into
        station
        (id, created_date, modified_date, name) 
    values
        (null, ?, ?, ?)
2022-08-20 02:24:02.082 TRACE 16121 --- [o-auto-1-exec-3] o.h.type.descriptor.sql.BasicBinder      : binding parameter [1] as [TIMESTAMP] - [2022-08-20T02:24:02.082]
2022-08-20 02:24:02.083 TRACE 16121 --- [o-auto-1-exec-3] o.h.type.descriptor.sql.BasicBinder      : binding parameter [2] as [TIMESTAMP] - [2022-08-20T02:24:02.082]
2022-08-20 02:24:02.083 TRACE 16121 --- [o-auto-1-exec-3] o.h.type.descriptor.sql.BasicBinder      : binding parameter [3] as [VARCHAR] - [강남역]
HTTP/1.1 201 
Location: /stations/1
Content-Type: application/json
Transfer-Encoding: chunked
Date: Fri, 19 Aug 2022 17:24:01 GMT
Keep-Alive: timeout=60
Connection: keep-alive
POST /stations HTTP/1.1
accept: */*
content-type: application/json; charset=UTF-8
content-length: 20
host: localhost:37811
connection: Keep-Alive
user-agent: Apache-HttpClient/4.5.13 (Java/1.8.0_342)
accept-encoding: gzip,deflate



HTTP/1.1 201 Created
Transfer-Encoding: chunked
Keep-Alive: timeout=60
Connection: keep-alive
Date: Fri, 19 Aug 2022 17:24:01 GMT
Location: /stations/1
Content-Type: application/json




{
    "id": 1,
    "name": "강남역",
    "createdDate": "2022-08-20T02:24:02.082",
    "modifiedDate": "2022-08-20T02:24:02.082"
}
Request method:	POST
Request URI:	http://localhost:37811/stations
Proxy:			<none>
Request params:	<none>
Query params:	<none>
Form params:	<none>
Path params:	<none>
Headers:		Accept=*/*
				Content-Type=application/json; charset=UTF-8
Cookies:		<none>
Multiparts:		<none>
Body:
{
    "name": "광교역"
}
Hibernate: 
    insert 
    into
        station
        (id, created_date, modified_date, name) 
    values
        (null, ?, ?, ?)
2022-08-20 02:24:02.103 TRACE 16121 --- [o-auto-1-exec-4] o.h.type.descriptor.sql.BasicBinder      : binding parameter [1] as [TIMESTAMP] - [2022-08-20T02:24:02.103]
2022-08-20 02:24:02.104 TRACE 16121 --- [o-auto-1-exec-4] o.h.type.descriptor.sql.BasicBinder      : binding parameter [2] as [TIMESTAMP] - [2022-08-20T02:24:02.103]
2022-08-20 02:24:02.104 TRACE 16121 --- [o-auto-1-exec-4] o.h.type.descriptor.sql.BasicBinder      : binding parameter [3] as [VARCHAR] - [광교역]
HTTP/1.1 201 
Location: /stations/2
Content-Type: application/json
Transfer-Encoding: chunked
Date: Fri, 19 Aug 2022 17:24:01 GMT
Keep-Alive: timeout=60
Connection: keep-alive

{
    "id": 2,
    "name": "광교역",
    "createdDate": "2022-08-20T02:24:02.103",
    "modifiedDate": "2022-08-20T02:24:02.103"
}
POST /stations HTTP/1.1
accept: */*
content-type: application/json; charset=UTF-8
content-length: 20
host: localhost:37811
connection: Keep-Alive
user-agent: Apache-HttpClient/4.5.13 (Java/1.8.0_342)
accept-encoding: gzip,deflate



HTTP/1.1 201 Created
Transfer-Encoding: chunked
Keep-Alive: timeout=60
Connection: keep-alive
Date: Fri, 19 Aug 2022 17:24:01 GMT
Location: /stations/2
Content-Type: application/json



Request method:	POST
Request URI:	http://localhost:37811/lines
Proxy:			<none>
Request params:	<none>
Query params:	<none>
Form params:	<none>
Path params:	<none>
Headers:		Accept=*/*
				Content-Type=application/json; charset=UTF-8
Cookies:		<none>
Multiparts:		<none>
Body:
{
    "color": "bg-red-600",
    "distance": "10",
    "name": "신분당선",
    "downStationId": "2",
    "upStationId": "1"
}
Hibernate: 
    select
        station0_.id as id1_4_0_,
        station0_.created_date as created_2_4_0_,
        station0_.modified_date as modified3_4_0_,
        station0_.name as name4_4_0_ 
    from
        station station0_ 
    where
        station0_.id=?
2022-08-20 02:24:02.122 TRACE 16121 --- [o-auto-1-exec-5] o.h.type.descriptor.sql.BasicBinder      : binding parameter [1] as [BIGINT] - [1]
2022-08-20 02:24:02.123 TRACE 16121 --- [o-auto-1-exec-5] o.h.type.descriptor.sql.BasicExtractor   : extracted value ([created_2_4_0_] : [TIMESTAMP]) - [2022-08-20T02:24:02.082]
2022-08-20 02:24:02.123 TRACE 16121 --- [o-auto-1-exec-5] o.h.type.descriptor.sql.BasicExtractor   : extracted value ([modified3_4_0_] : [TIMESTAMP]) - [2022-08-20T02:24:02.082]
2022-08-20 02:24:02.123 TRACE 16121 --- [o-auto-1-exec-5] o.h.type.descriptor.sql.BasicExtractor   : extracted value ([name4_4_0_] : [VARCHAR]) - [강남역]
Hibernate: 
    select
        station0_.id as id1_4_0_,
        station0_.created_date as created_2_4_0_,
        station0_.modified_date as modified3_4_0_,
        station0_.name as name4_4_0_ 
    from
        station station0_ 
    where
        station0_.id=?
2022-08-20 02:24:02.123 TRACE 16121 --- [o-auto-1-exec-5] o.h.type.descriptor.sql.BasicBinder      : binding parameter [1] as [BIGINT] - [2]
2022-08-20 02:24:02.124 TRACE 16121 --- [o-auto-1-exec-5] o.h.type.descriptor.sql.BasicExtractor   : extracted value ([created_2_4_0_] : [TIMESTAMP]) - [2022-08-20T02:24:02.103]
2022-08-20 02:24:02.124 TRACE 16121 --- [o-auto-1-exec-5] o.h.type.descriptor.sql.BasicExtractor   : extracted value ([modified3_4_0_] : [TIMESTAMP]) - [2022-08-20T02:24:02.103]
2022-08-20 02:24:02.124 TRACE 16121 --- [o-auto-1-exec-5] o.h.type.descriptor.sql.BasicExtractor   : extracted value ([name4_4_0_] : [VARCHAR]) - [광교역]
Hibernate: 
    insert 
    into
        line
        (id, created_date, modified_date, color, name) 
    values
        (null, ?, ?, ?, ?)
2022-08-20 02:24:02.125 TRACE 16121 --- [o-auto-1-exec-5] o.h.type.descriptor.sql.BasicBinder      : binding parameter [1] as [TIMESTAMP] - [2022-08-20T02:24:02.124]
2022-08-20 02:24:02.125 TRACE 16121 --- [o-auto-1-exec-5] o.h.type.descriptor.sql.BasicBinder      : binding parameter [2] as [TIMESTAMP] - [2022-08-20T02:24:02.124]
2022-08-20 02:24:02.125 TRACE 16121 --- [o-auto-1-exec-5] o.h.type.descriptor.sql.BasicBinder      : binding parameter [3] as [VARCHAR] - [bg-red-600]
2022-08-20 02:24:02.125 TRACE 16121 --- [o-auto-1-exec-5] o.h.type.descriptor.sql.BasicBinder      : binding parameter [4] as [VARCHAR] - [신분당선]
Hibernate: 
    insert 
    into
        section
        (id, distance, down_station_id, line_id, up_station_id) 
    values
        (null, ?, ?, ?, ?)
2022-08-20 02:24:02.128 TRACE 16121 --- [o-auto-1-exec-5] o.h.type.descriptor.sql.BasicBinder      : binding parameter [1] as [INTEGER] - [10]
2022-08-20 02:24:02.128 TRACE 16121 --- [o-auto-1-exec-5] o.h.type.descriptor.sql.BasicBinder      : binding parameter [2] as [BIGINT] - [2]
2022-08-20 02:24:02.128 TRACE 16121 --- [o-auto-1-exec-5] o.h.type.descriptor.sql.BasicBinder      : binding parameter [3] as [BIGINT] - [1]
2022-08-20 02:24:02.128 TRACE 16121 --- [o-auto-1-exec-5] o.h.type.descriptor.sql.BasicBinder      : binding parameter [4] as [BIGINT] - [1]
HTTP/1.1 201 
Location: /lines/1
Content-Type: application/json
Transfer-Encoding: chunked
Date: Fri, 19 Aug 2022 17:24:01 GMT
Keep-Alive: timeout=60
Connection: keep-alive

{
    "id": 1,
    "name": "신분당선",
    "color": "bg-red-600",
    "stations": [
        {
            "id": 1,
            "name": "강남역",
            "createdDate": "2022-08-20T02:24:02.082",
            "modifiedDate": "2022-08-20T02:24:02.082"
        },
        {
            "id": 2,
            "name": "광교역",
            "createdDate": "2022-08-20T02:24:02.103",
            "modifiedDate": "2022-08-20T02:24:02.103"
        }
    ],
    "createdDate": "2022-08-20T02:24:02.124",
    "modifiedDate": "2022-08-20T02:24:02.124"
}
POST /lines HTTP/1.1
accept: */*
content-type: application/json; charset=UTF-8
content-length: 98
host: localhost:37811
connection: Keep-Alive
user-agent: Apache-HttpClient/4.5.13 (Java/1.8.0_342)
accept-encoding: gzip,deflate



HTTP/1.1 201 Created
Transfer-Encoding: chunked
Keep-Alive: timeout=60
Connection: keep-alive
Date: Fri, 19 Aug 2022 17:24:01 GMT
Location: /lines/1
Content-Type: application/json



Request method:	PUT
Request URI:	http://localhost:37811/lines/1
Proxy:			<none>
Request params:	<none>
Query params:	<none>
Form params:	<none>
Path params:	<none>
Headers:		Accept=*/*
				Content-Type=application/json; charset=UTF-8
Cookies:		<none>
Multiparts:		<none>
Body:
{
    "color": "bg-red-600",
    "distance": "15",
    "name": "구분당선",
    "downStationId": "2",
    "upStationId": "1"
}
Hibernate: 
    select
        line0_.id as id1_1_0_,
        line0_.created_date as created_2_1_0_,
        line0_.modified_date as modified3_1_0_,
        line0_.color as color4_1_0_,
        line0_.name as name5_1_0_ 
    from
        line line0_ 
    where
        line0_.id=?
2022-08-20 02:24:02.147 TRACE 16121 --- [o-auto-1-exec-6] o.h.type.descriptor.sql.BasicBinder      : binding parameter [1] as [BIGINT] - [1]
2022-08-20 02:24:02.148 TRACE 16121 --- [o-auto-1-exec-6] o.h.type.descriptor.sql.BasicExtractor   : extracted value ([created_2_1_0_] : [TIMESTAMP]) - [2022-08-20T02:24:02.124]
2022-08-20 02:24:02.148 TRACE 16121 --- [o-auto-1-exec-6] o.h.type.descriptor.sql.BasicExtractor   : extracted value ([modified3_1_0_] : [TIMESTAMP]) - [2022-08-20T02:24:02.124]
2022-08-20 02:24:02.148 TRACE 16121 --- [o-auto-1-exec-6] o.h.type.descriptor.sql.BasicExtractor   : extracted value ([color4_1_0_] : [VARCHAR]) - [bg-red-600]
2022-08-20 02:24:02.148 TRACE 16121 --- [o-auto-1-exec-6] o.h.type.descriptor.sql.BasicExtractor   : extracted value ([name5_1_0_] : [VARCHAR]) - [신분당선]
Hibernate: 
    update
        line 
    set
        created_date=?,
        modified_date=?,
        color=?,
        name=? 
    where
        id=?
2022-08-20 02:24:02.150 TRACE 16121 --- [o-auto-1-exec-6] o.h.type.descriptor.sql.BasicBinder      : binding parameter [1] as [TIMESTAMP] - [2022-08-20T02:24:02.124]
2022-08-20 02:24:02.150 TRACE 16121 --- [o-auto-1-exec-6] o.h.type.descriptor.sql.BasicBinder      : binding parameter [2] as [TIMESTAMP] - [2022-08-20T02:24:02.149]
2022-08-20 02:24:02.150 TRACE 16121 --- [o-auto-1-exec-6] o.h.type.descriptor.sql.BasicBinder      : binding parameter [3] as [VARCHAR] - [bg-red-600]
2022-08-20 02:24:02.151 TRACE 16121 --- [o-auto-1-exec-6] o.h.type.descriptor.sql.BasicBinder      : binding parameter [4] as [VARCHAR] - [구분당선]
2022-08-20 02:24:02.154 TRACE 16121 --- [o-auto-1-exec-6] o.h.type.descriptor.sql.BasicBinder      : binding parameter [5] as [BIGINT] - [1]
PUT /lines/1 HTTP/1.1
accept: */*
content-type: application/json; charset=UTF-8
content-length: 98
host: localhost:37811
connection: Keep-Alive
user-agent: Apache-HttpClient/4.5.13 (Java/1.8.0_342)
accept-encoding: gzip,deflate



HTTP/1.1 200 OK
Keep-Alive: timeout=60
Connection: keep-alive
Content-Length: 0
Date: Fri, 19 Aug 2022 17:24:01 GMT



HTTP/1.1 200 
Content-Length: 0
Date: Fri, 19 Aug 2022 17:24:01 GMT
Keep-Alive: timeout=60
Connection: keep-alive
Hibernate: 
    
SET
    REFERENTIAL_INTEGRITY FALSE
Hibernate: 
    TRUNCATE TABLE section
Hibernate: 
    ALTER TABLE section ALTER COLUMN ID RESTART WITH 1
Hibernate: 
    TRUNCATE TABLE line
Hibernate: 
    ALTER TABLE line ALTER COLUMN ID RESTART WITH 1
Hibernate: 
    TRUNCATE TABLE favorite
Hibernate: 
    ALTER TABLE favorite ALTER COLUMN ID RESTART WITH 1
Hibernate: 
    TRUNCATE TABLE station
Hibernate: 
    ALTER TABLE station ALTER COLUMN ID RESTART WITH 1
Hibernate: 
    TRUNCATE TABLE member
Hibernate: 
    ALTER TABLE member ALTER COLUMN ID RESTART WITH 1
Hibernate: 
    
SET
    REFERENTIAL_INTEGRITY TRUE
Request method:	POST
Request URI:	http://localhost:37811/stations
Proxy:			<none>
Request params:	<none>
Query params:	<none>
Form params:	<none>
Path params:	<none>
Headers:		Accept=*/*
				Content-Type=application/json; charset=UTF-8
Cookies:		<none>
Multiparts:		<none>
Body:
{
    "name": "강남역"
}
Hibernate: 
    insert 
    into
        station
        (id, created_date, modified_date, name) 
    values
        (null, ?, ?, ?)
2022-08-20 02:24:02.196 TRACE 16121 --- [o-auto-1-exec-7] o.h.type.descriptor.sql.BasicBinder      : binding parameter [1] as [TIMESTAMP] - [2022-08-20T02:24:02.196]
2022-08-20 02:24:02.196 TRACE 16121 --- [o-auto-1-exec-7] o.h.type.descriptor.sql.BasicBinder      : binding parameter [2] as [TIMESTAMP] - [2022-08-20T02:24:02.196]
2022-08-20 02:24:02.196 TRACE 16121 --- [o-auto-1-exec-7] o.h.type.descriptor.sql.BasicBinder      : binding parameter [3] as [VARCHAR] - [강남역]
POST /stations HTTP/1.1
accept: */*
content-type: application/json; charset=UTF-8
content-length: 20
host: localhost:37811
connection: Keep-Alive
user-agent: Apache-HttpClient/4.5.13 (Java/1.8.0_342)
accept-encoding: gzip,deflate



HTTP/1.1 201 Created
Transfer-Encoding: chunked
Keep-Alive: timeout=60
Connection: keep-alive
Date: Fri, 19 Aug 2022 17:24:01 GMT
Location: /stations/1
Content-Type: application/json



HTTP/1.1 201 
Location: /stations/1
Content-Type: application/json
Transfer-Encoding: chunked
Date: Fri, 19 Aug 2022 17:24:01 GMT
Keep-Alive: timeout=60
Connection: keep-alive

{
    "id": 1,
    "name": "강남역",
    "createdDate": "2022-08-20T02:24:02.196",
    "modifiedDate": "2022-08-20T02:24:02.196"
}
Request method:	POST
Request URI:	http://localhost:37811/stations
Proxy:			<none>
Request params:	<none>
Query params:	<none>
Form params:	<none>
Path params:	<none>
Headers:		Accept=*/*
				Content-Type=application/json; charset=UTF-8
Cookies:		<none>
Multiparts:		<none>
Body:
{
    "name": "광교역"
}
Hibernate: 
    insert 
    into
        station
        (id, created_date, modified_date, name) 
    values
        (null, ?, ?, ?)
2022-08-20 02:24:02.221 TRACE 16121 --- [o-auto-1-exec-8] o.h.type.descriptor.sql.BasicBinder      : binding parameter [1] as [TIMESTAMP] - [2022-08-20T02:24:02.219]
2022-08-20 02:24:02.221 TRACE 16121 --- [o-auto-1-exec-8] o.h.type.descriptor.sql.BasicBinder      : binding parameter [2] as [TIMESTAMP] - [2022-08-20T02:24:02.219]
2022-08-20 02:24:02.221 TRACE 16121 --- [o-auto-1-exec-8] o.h.type.descriptor.sql.BasicBinder      : binding parameter [3] as [VARCHAR] - [광교역]
POST /stations HTTP/1.1
accept: */*
content-type: application/json; charset=UTF-8
content-length: 20
host: localhost:37811
connection: Keep-Alive
user-agent: Apache-HttpClient/4.5.13 (Java/1.8.0_342)
accept-encoding: gzip,deflate



HTTP/1.1 201 Created
Transfer-Encoding: chunked
Keep-Alive: timeout=60
Connection: keep-alive
Date: Fri, 19 Aug 2022 17:24:01 GMT
Location: /stations/2
Content-Type: application/json



HTTP/1.1 201 
Location: /stations/2
Content-Type: application/json
Transfer-Encoding: chunked
Date: Fri, 19 Aug 2022 17:24:01 GMT
Keep-Alive: timeout=60
Connection: keep-alive

{
    "id": 2,
    "name": "광교역",
    "createdDate": "2022-08-20T02:24:02.219",
    "modifiedDate": "2022-08-20T02:24:02.219"
}
Request method:	POST
Request URI:	http://localhost:37811/lines
Proxy:			<none>
Request params:	<none>
Query params:	<none>
Form params:	<none>
Path params:	<none>
Headers:		Accept=*/*
				Content-Type=application/json; charset=UTF-8
Cookies:		<none>
Multiparts:		<none>
Body:
{
    "color": "bg-red-600",
    "distance": "10",
    "name": "신분당선",
    "downStationId": "2",
    "upStationId": "1"
}
Hibernate: 
    select
        station0_.id as id1_4_0_,
        station0_.created_date as created_2_4_0_,
        station0_.modified_date as modified3_4_0_,
        station0_.name as name4_4_0_ 
    from
        station station0_ 
    where
        station0_.id=?
2022-08-20 02:24:02.248 TRACE 16121 --- [o-auto-1-exec-9] o.h.type.descriptor.sql.BasicBinder      : binding parameter [1] as [BIGINT] - [1]
2022-08-20 02:24:02.249 TRACE 16121 --- [o-auto-1-exec-9] o.h.type.descriptor.sql.BasicExtractor   : extracted value ([created_2_4_0_] : [TIMESTAMP]) - [2022-08-20T02:24:02.196]
2022-08-20 02:24:02.249 TRACE 16121 --- [o-auto-1-exec-9] o.h.type.descriptor.sql.BasicExtractor   : extracted value ([modified3_4_0_] : [TIMESTAMP]) - [2022-08-20T02:24:02.196]
2022-08-20 02:24:02.249 TRACE 16121 --- [o-auto-1-exec-9] o.h.type.descriptor.sql.BasicExtractor   : extracted value ([name4_4_0_] : [VARCHAR]) - [강남역]
Hibernate: 
    select
        station0_.id as id1_4_0_,
        station0_.created_date as created_2_4_0_,
        station0_.modified_date as modified3_4_0_,
        station0_.name as name4_4_0_ 
    from
        station station0_ 
    where
        station0_.id=?
2022-08-20 02:24:02.249 TRACE 16121 --- [o-auto-1-exec-9] o.h.type.descriptor.sql.BasicBinder      : binding parameter [1] as [BIGINT] - [2]
2022-08-20 02:24:02.252 TRACE 16121 --- [o-auto-1-exec-9] o.h.type.descriptor.sql.BasicExtractor   : extracted value ([created_2_4_0_] : [TIMESTAMP]) - [2022-08-20T02:24:02.219]
2022-08-20 02:24:02.252 TRACE 16121 --- [o-auto-1-exec-9] o.h.type.descriptor.sql.BasicExtractor   : extracted value ([modified3_4_0_] : [TIMESTAMP]) - [2022-08-20T02:24:02.219]
2022-08-20 02:24:02.253 TRACE 16121 --- [o-auto-1-exec-9] o.h.type.descriptor.sql.BasicExtractor   : extracted value ([name4_4_0_] : [VARCHAR]) - [광교역]
Hibernate: 
    insert 
    into
        line
        (id, created_date, modified_date, color, name) 
    values
        (null, ?, ?, ?, ?)
2022-08-20 02:24:02.255 TRACE 16121 --- [o-auto-1-exec-9] o.h.type.descriptor.sql.BasicBinder      : binding parameter [1] as [TIMESTAMP] - [2022-08-20T02:24:02.253]
2022-08-20 02:24:02.256 TRACE 16121 --- [o-auto-1-exec-9] o.h.type.descriptor.sql.BasicBinder      : binding parameter [2] as [TIMESTAMP] - [2022-08-20T02:24:02.253]
2022-08-20 02:24:02.256 TRACE 16121 --- [o-auto-1-exec-9] o.h.type.descriptor.sql.BasicBinder      : binding parameter [3] as [VARCHAR] - [bg-red-600]
2022-08-20 02:24:02.256 TRACE 16121 --- [o-auto-1-exec-9] o.h.type.descriptor.sql.BasicBinder      : binding parameter [4] as [VARCHAR] - [신분당선]
Hibernate: 
    insert 
    into
        section
        (id, distance, down_station_id, line_id, up_station_id) 
    values
        (null, ?, ?, ?, ?)
2022-08-20 02:24:02.259 TRACE 16121 --- [o-auto-1-exec-9] o.h.type.descriptor.sql.BasicBinder      : binding parameter [1] as [INTEGER] - [10]
2022-08-20 02:24:02.259 TRACE 16121 --- [o-auto-1-exec-9] o.h.type.descriptor.sql.BasicBinder      : binding parameter [2] as [BIGINT] - [2]
2022-08-20 02:24:02.259 TRACE 16121 --- [o-auto-1-exec-9] o.h.type.descriptor.sql.BasicBinder      : binding parameter [3] as [BIGINT] - [1]
2022-08-20 02:24:02.260 TRACE 16121 --- [o-auto-1-exec-9] o.h.type.descriptor.sql.BasicBinder      : binding parameter [4] as [BIGINT] - [1]
HTTP/1.1 201 
Location: /lines/1
Content-Type: application/json
Transfer-Encoding: chunked
Date: Fri, 19 Aug 2022 17:24:01 GMT
Keep-Alive: timeout=60
Connection: keep-alive

{
    "id": 1,
    "name": "신분당선",
    "color": "bg-red-600",
    "stations": [
        {
            "id": 1,
            "name": "강남역",
            "createdDate": "2022-08-20T02:24:02.196",
            "modifiedDate": "2022-08-20T02:24:02.196"
        },
        {
            "id": 2,
            "name": "광교역",
            "createdDate": "2022-08-20T02:24:02.219",
            "modifiedDate": "2022-08-20T02:24:02.219"
        }
    ],
    "createdDate": "2022-08-20T02:24:02.253",
    "modifiedDate": "2022-08-20T02:24:02.253"
}
Request method:	GET
Request URI:	http://localhost:37811/lines/1
Proxy:			<none>
Request params:	<none>
Query params:	<none>
Form params:	<none>
Path params:	<none>
Headers:		Accept=application/json
Cookies:		<none>
Multiparts:		<none>
Body:			<none>
POST /lines HTTP/1.1
accept: */*
content-type: application/json; charset=UTF-8
content-length: 98
host: localhost:37811
connection: Keep-Alive
user-agent: Apache-HttpClient/4.5.13 (Java/1.8.0_342)
accept-encoding: gzip,deflate



HTTP/1.1 201 Created
Transfer-Encoding: chunked
Keep-Alive: timeout=60
Connection: keep-alive
Date: Fri, 19 Aug 2022 17:24:01 GMT
Location: /lines/1
Content-Type: application/json



Hibernate: 
    select
        line0_.id as id1_1_0_,
        line0_.created_date as created_2_1_0_,
        line0_.modified_date as modified3_1_0_,
        line0_.color as color4_1_0_,
        line0_.name as name5_1_0_ 
    from
        line line0_ 
    where
        line0_.id=?
2022-08-20 02:24:02.278 TRACE 16121 --- [-auto-1-exec-10] o.h.type.descriptor.sql.BasicBinder      : binding parameter [1] as [BIGINT] - [1]
2022-08-20 02:24:02.279 TRACE 16121 --- [-auto-1-exec-10] o.h.type.descriptor.sql.BasicExtractor   : extracted value ([created_2_1_0_] : [TIMESTAMP]) - [2022-08-20T02:24:02.253]
2022-08-20 02:24:02.279 TRACE 16121 --- [-auto-1-exec-10] o.h.type.descriptor.sql.BasicExtractor   : extracted value ([modified3_1_0_] : [TIMESTAMP]) - [2022-08-20T02:24:02.253]
2022-08-20 02:24:02.279 TRACE 16121 --- [-auto-1-exec-10] o.h.type.descriptor.sql.BasicExtractor   : extracted value ([color4_1_0_] : [VARCHAR]) - [bg-red-600]
2022-08-20 02:24:02.279 TRACE 16121 --- [-auto-1-exec-10] o.h.type.descriptor.sql.BasicExtractor   : extracted value ([name5_1_0_] : [VARCHAR]) - [신분당선]
Hibernate: 
    select
        sections0_.line_id as line_id4_3_0_,
        sections0_.id as id1_3_0_,
        sections0_.id as id1_3_1_,
        sections0_.distance as distance2_3_1_,
        sections0_.down_station_id as down_sta3_3_1_,
        sections0_.line_id as line_id4_3_1_,
        sections0_.up_station_id as up_stati5_3_1_,
        station1_.id as id1_4_2_,
        station1_.created_date as created_2_4_2_,
        station1_.modified_date as modified3_4_2_,
        station1_.name as name4_4_2_,
        station2_.id as id1_4_3_,
        station2_.created_date as created_2_4_3_,
        station2_.modified_date as modified3_4_3_,
        station2_.name as name4_4_3_ 
    from
        section sections0_ 
    left outer join
        station station1_ 
            on sections0_.down_station_id=station1_.id 
    left outer join
        station station2_ 
            on sections0_.up_station_id=station2_.id 
    where
        sections0_.line_id=?
2022-08-20 02:24:02.280 TRACE 16121 --- [-auto-1-exec-10] o.h.type.descriptor.sql.BasicBinder      : binding parameter [1] as [BIGINT] - [1]
2022-08-20 02:24:02.280 TRACE 16121 --- [-auto-1-exec-10] o.h.type.descriptor.sql.BasicExtractor   : extracted value ([id1_3_1_] : [BIGINT]) - [1]
2022-08-20 02:24:02.280 TRACE 16121 --- [-auto-1-exec-10] o.h.type.descriptor.sql.BasicExtractor   : extracted value ([id1_4_2_] : [BIGINT]) - [2]
2022-08-20 02:24:02.280 TRACE 16121 --- [-auto-1-exec-10] o.h.type.descriptor.sql.BasicExtractor   : extracted value ([id1_4_3_] : [BIGINT]) - [1]
2022-08-20 02:24:02.280 TRACE 16121 --- [-auto-1-exec-10] o.h.type.descriptor.sql.BasicExtractor   : extracted value ([distance2_3_1_] : [INTEGER]) - [10]
2022-08-20 02:24:02.280 TRACE 16121 --- [-auto-1-exec-10] o.h.type.descriptor.sql.BasicExtractor   : extracted value ([down_sta3_3_1_] : [BIGINT]) - [2]
2022-08-20 02:24:02.280 TRACE 16121 --- [-auto-1-exec-10] o.h.type.descriptor.sql.BasicExtractor   : extracted value ([line_id4_3_1_] : [BIGINT]) - [1]
2022-08-20 02:24:02.280 TRACE 16121 --- [-auto-1-exec-10] o.h.type.descriptor.sql.BasicExtractor   : extracted value ([up_stati5_3_1_] : [BIGINT]) - [1]
2022-08-20 02:24:02.280 TRACE 16121 --- [-auto-1-exec-10] o.h.type.descriptor.sql.BasicExtractor   : extracted value ([created_2_4_2_] : [TIMESTAMP]) - [2022-08-20T02:24:02.219]
2022-08-20 02:24:02.281 TRACE 16121 --- [-auto-1-exec-10] o.h.type.descriptor.sql.BasicExtractor   : extracted value ([modified3_4_2_] : [TIMESTAMP]) - [2022-08-20T02:24:02.219]
2022-08-20 02:24:02.281 TRACE 16121 --- [-auto-1-exec-10] o.h.type.descriptor.sql.BasicExtractor   : extracted value ([name4_4_2_] : [VARCHAR]) - [광교역]
2022-08-20 02:24:02.281 TRACE 16121 --- [-auto-1-exec-10] o.h.type.descriptor.sql.BasicExtractor   : extracted value ([created_2_4_3_] : [TIMESTAMP]) - [2022-08-20T02:24:02.196]
2022-08-20 02:24:02.281 TRACE 16121 --- [-auto-1-exec-10] o.h.type.descriptor.sql.BasicExtractor   : extracted value ([modified3_4_3_] : [TIMESTAMP]) - [2022-08-20T02:24:02.196]
2022-08-20 02:24:02.281 TRACE 16121 --- [-auto-1-exec-10] o.h.type.descriptor.sql.BasicExtractor   : extracted value ([name4_4_3_] : [VARCHAR]) - [강남역]
2022-08-20 02:24:02.281 TRACE 16121 --- [-auto-1-exec-10] o.h.type.descriptor.sql.BasicExtractor   : extracted value ([line_id4_3_0_] : [BIGINT]) - [1]
2022-08-20 02:24:02.281 TRACE 16121 --- [-auto-1-exec-10] o.h.type.descriptor.sql.BasicExtractor   : extracted value ([id1_3_0_] : [BIGINT]) - [1]
GET /lines/1 HTTP/1.1
HTTP/1.1 200 
Content-Type: application/json
Transfer-Encoding: chunked
Date: Fri, 19 Aug 2022 17:24:01 GMT
Keep-Alive: timeout=60
Connection: keep-alive

{
    "id": 1,
    "name": "신분당선",
    "color": "bg-red-600",
    "stations": [
        {
            "id": 1,
            "name": "강남역",
            "createdDate": "2022-08-20T02:24:02.196",
            "modifiedDate": "2022-08-20T02:24:02.196"
        },
        {
            "id": 2,
            "name": "광교역",
            "createdDate": "2022-08-20T02:24:02.219",
            "modifiedDate": "2022-08-20T02:24:02.219"
        }
    ],
    "createdDate": "2022-08-20T02:24:02.253",
    "modifiedDate": "2022-08-20T02:24:02.253"
}
accept: application/json
host: localhost:37811
connection: Keep-Alive
user-agent: Apache-HttpClient/4.5.13 (Java/1.8.0_342)
accept-encoding: gzip,deflate



HTTP/1.1 200 OK
Transfer-Encoding: chunked
Keep-Alive: timeout=60
Connection: keep-alive
Date: Fri, 19 Aug 2022 17:24:01 GMT
Content-Type: application/json



Hibernate: 
    
SET
    REFERENTIAL_INTEGRITY FALSE
Hibernate: 
    TRUNCATE TABLE section
Hibernate: 
    ALTER TABLE section ALTER COLUMN ID RESTART WITH 1
Hibernate: 
    TRUNCATE TABLE line
Hibernate: 
    ALTER TABLE line ALTER COLUMN ID RESTART WITH 1
Hibernate: 
    TRUNCATE TABLE favorite
Hibernate: 
    ALTER TABLE favorite ALTER COLUMN ID RESTART WITH 1
Hibernate: 
    TRUNCATE TABLE station
Hibernate: 
    ALTER TABLE station ALTER COLUMN ID RESTART WITH 1
Hibernate: 
    TRUNCATE TABLE member
Hibernate: 
    ALTER TABLE member ALTER COLUMN ID RESTART WITH 1
Hibernate: 
    
SET
    REFERENTIAL_INTEGRITY TRUE
Request method:	POST
Request URI:	http://localhost:37811/stations
Proxy:			<none>
Request params:	<none>
Query params:	<none>
Form params:	<none>
Path params:	<none>
Headers:		Accept=*/*
				Content-Type=application/json; charset=UTF-8
Cookies:		<none>
Multiparts:		<none>
Body:
{
    "name": "강남역"
}
Hibernate: 
    insert 
    into
        station
        (id, created_date, modified_date, name) 
    values
        (null, ?, ?, ?)
2022-08-20 02:24:02.391 TRACE 16121 --- [o-auto-1-exec-1] o.h.type.descriptor.sql.BasicBinder      : binding parameter [1] as [TIMESTAMP] - [2022-08-20T02:24:02.390]
2022-08-20 02:24:02.391 TRACE 16121 --- [o-auto-1-exec-1] o.h.type.descriptor.sql.BasicBinder      : binding parameter [2] as [TIMESTAMP] - [2022-08-20T02:24:02.390]
2022-08-20 02:24:02.391 TRACE 16121 --- [o-auto-1-exec-1] o.h.type.descriptor.sql.BasicBinder      : binding parameter [3] as [VARCHAR] - [강남역]
HTTP/1.1 201 
Location: /stations/1
Content-Type: application/json
Transfer-Encoding: chunked
Date: Fri, 19 Aug 2022 17:24:01 GMT
Keep-Alive: timeout=60
Connection: keep-alive

{
    "id": 1,
    "name": "강남역",
    "createdDate": "2022-08-20T02:24:02.39",
    "modifiedDate": "2022-08-20T02:24:02.39"
}
Request method:	POST
POST /stations HTTP/1.1
accept: */*
content-type: application/json; charset=UTF-8
content-length: 20
host: localhost:37811
connection: Keep-Alive
user-agent: Apache-HttpClient/4.5.13 (Java/1.8.0_342)
accept-encoding: gzip,deflate



HTTP/1.1 201 Created
Transfer-Encoding: chunked
Keep-Alive: timeout=60
Connection: keep-alive
Date: Fri, 19 Aug 2022 17:24:01 GMT
Location: /stations/1
Content-Type: application/json



Request URI:	http://localhost:37811/stations
Proxy:			<none>
Request params:	<none>
Query params:	<none>
Form params:	<none>
Path params:	<none>
Headers:		Accept=*/*
				Content-Type=application/json; charset=UTF-8
Cookies:		<none>
Multiparts:		<none>
Body:
{
    "name": "광교역"
}
Hibernate: 
    insert 
    into
        station
        (id, created_date, modified_date, name) 
    values
        (null, ?, ?, ?)
2022-08-20 02:24:02.421 TRACE 16121 --- [o-auto-1-exec-3] o.h.type.descriptor.sql.BasicBinder      : binding parameter [1] as [TIMESTAMP] - [2022-08-20T02:24:02.421]
2022-08-20 02:24:02.422 TRACE 16121 --- [o-auto-1-exec-3] o.h.type.descriptor.sql.BasicBinder      : binding parameter [2] as [TIMESTAMP] - [2022-08-20T02:24:02.421]
2022-08-20 02:24:02.422 TRACE 16121 --- [o-auto-1-exec-3] o.h.type.descriptor.sql.BasicBinder      : binding parameter [3] as [VARCHAR] - [광교역]
POST /stations HTTP/1.1
HTTP/1.1 201 
Location: /stations/2
Content-Type: application/json
Transfer-Encoding: chunked
Date: Fri, 19 Aug 2022 17:24:01 GMT
Keep-Alive: timeout=60
Connection: keep-alive

{
    "id": 2,
    "name": "광교역",
    "createdDate": "2022-08-20T02:24:02.421",
    "modifiedDate": "2022-08-20T02:24:02.421"
}
accept: */*
content-type: application/json; charset=UTF-8
content-length: 20
host: localhost:37811
connection: Keep-Alive
user-agent: Apache-HttpClient/4.5.13 (Java/1.8.0_342)
accept-encoding: gzip,deflate



HTTP/1.1 201 Created
Transfer-Encoding: chunked
Keep-Alive: timeout=60
Connection: keep-alive
Date: Fri, 19 Aug 2022 17:24:01 GMT
Location: /stations/2
Content-Type: application/json



Request method:	POST
Request URI:	http://localhost:37811/lines
Proxy:			<none>
Request params:	<none>
Query params:	<none>
Form params:	<none>
Path params:	<none>
Headers:		Accept=*/*
				Content-Type=application/json; charset=UTF-8
Cookies:		<none>
Multiparts:		<none>
Body:
{
    "color": "bg-red-600",
    "distance": "10",
    "name": "신분당선",
    "downStationId": "2",
    "upStationId": "1"
}
Hibernate: 
    select
        station0_.id as id1_4_0_,
        station0_.created_date as created_2_4_0_,
        station0_.modified_date as modified3_4_0_,
        station0_.name as name4_4_0_ 
    from
        station station0_ 
    where
        station0_.id=?
2022-08-20 02:24:02.445 TRACE 16121 --- [o-auto-1-exec-9] o.h.type.descriptor.sql.BasicBinder      : binding parameter [1] as [BIGINT] - [1]
2022-08-20 02:24:02.446 TRACE 16121 --- [o-auto-1-exec-9] o.h.type.descriptor.sql.BasicExtractor   : extracted value ([created_2_4_0_] : [TIMESTAMP]) - [2022-08-20T02:24:02.390]
2022-08-20 02:24:02.446 TRACE 16121 --- [o-auto-1-exec-9] o.h.type.descriptor.sql.BasicExtractor   : extracted value ([modified3_4_0_] : [TIMESTAMP]) - [2022-08-20T02:24:02.390]
2022-08-20 02:24:02.446 TRACE 16121 --- [o-auto-1-exec-9] o.h.type.descriptor.sql.BasicExtractor   : extracted value ([name4_4_0_] : [VARCHAR]) - [강남역]
Hibernate: 
    select
        station0_.id as id1_4_0_,
        station0_.created_date as created_2_4_0_,
        station0_.modified_date as modified3_4_0_,
        station0_.name as name4_4_0_ 
    from
        station station0_ 
    where
        station0_.id=?
2022-08-20 02:24:02.450 TRACE 16121 --- [o-auto-1-exec-9] o.h.type.descriptor.sql.BasicBinder      : binding parameter [1] as [BIGINT] - [2]
2022-08-20 02:24:02.451 TRACE 16121 --- [o-auto-1-exec-9] o.h.type.descriptor.sql.BasicExtractor   : extracted value ([created_2_4_0_] : [TIMESTAMP]) - [2022-08-20T02:24:02.421]
2022-08-20 02:24:02.451 TRACE 16121 --- [o-auto-1-exec-9] o.h.type.descriptor.sql.BasicExtractor   : extracted value ([modified3_4_0_] : [TIMESTAMP]) - [2022-08-20T02:24:02.421]
2022-08-20 02:24:02.451 TRACE 16121 --- [o-auto-1-exec-9] o.h.type.descriptor.sql.BasicExtractor   : extracted value ([name4_4_0_] : [VARCHAR]) - [광교역]
Hibernate: 
    insert 
    into
        line
        (id, created_date, modified_date, color, name) 
    values
        (null, ?, ?, ?, ?)
2022-08-20 02:24:02.453 TRACE 16121 --- [o-auto-1-exec-9] o.h.type.descriptor.sql.BasicBinder      : binding parameter [1] as [TIMESTAMP] - [2022-08-20T02:24:02.452]
2022-08-20 02:24:02.453 TRACE 16121 --- [o-auto-1-exec-9] o.h.type.descriptor.sql.BasicBinder      : binding parameter [2] as [TIMESTAMP] - [2022-08-20T02:24:02.452]
2022-08-20 02:24:02.453 TRACE 16121 --- [o-auto-1-exec-9] o.h.type.descriptor.sql.BasicBinder      : binding parameter [3] as [VARCHAR] - [bg-red-600]
2022-08-20 02:24:02.453 TRACE 16121 --- [o-auto-1-exec-9] o.h.type.descriptor.sql.BasicBinder      : binding parameter [4] as [VARCHAR] - [신분당선]
Hibernate: 
    insert 
    into
        section
        (id, distance, down_station_id, line_id, up_station_id) 
    values
        (null, ?, ?, ?, ?)
2022-08-20 02:24:02.456 TRACE 16121 --- [o-auto-1-exec-9] o.h.type.descriptor.sql.BasicBinder      : binding parameter [1] as [INTEGER] - [10]
2022-08-20 02:24:02.456 TRACE 16121 --- [o-auto-1-exec-9] o.h.type.descriptor.sql.BasicBinder      : binding parameter [2] as [BIGINT] - [2]
2022-08-20 02:24:02.456 TRACE 16121 --- [o-auto-1-exec-9] o.h.type.descriptor.sql.BasicBinder      : binding parameter [3] as [BIGINT] - [1]
2022-08-20 02:24:02.456 TRACE 16121 --- [o-auto-1-exec-9] o.h.type.descriptor.sql.BasicBinder      : binding parameter [4] as [BIGINT] - [1]
HTTP/1.1 201 
Location: /lines/1
Content-Type: application/json
Transfer-Encoding: chunked
Date: Fri, 19 Aug 2022 17:24:01 GMT
Keep-Alive: timeout=60
Connection: keep-alive

{
    "id": 1,
    "name": "신분당선",
    "color": "bg-red-600",
    "stations": [
        {
            "id": 1,
            "name": "강남역",
            "createdDate": "2022-08-20T02:24:02.39",
            "modifiedDate": "2022-08-20T02:24:02.39"
        },
        {
            "id": 2,
            "name": "광교역",
            "createdDate": "2022-08-20T02:24:02.421",
            "modifiedDate": "2022-08-20T02:24:02.421"
        }
    ],
    "createdDate": "2022-08-20T02:24:02.452",
    "modifiedDate": "2022-08-20T02:24:02.452"
}
POST /lines HTTP/1.1
accept: */*
content-type: application/json; charset=UTF-8
content-length: 98
Request method:	POST
Request URI:	http://localhost:37811/lines
Proxy:			<none>
Request params:	<none>
Query params:	<none>
Form params:	<none>
Path params:	<none>
Headers:		Accept=*/*
				Content-Type=application/json; charset=UTF-8
Cookies:		<none>
Multiparts:		<none>
Body:
{
    "color": "bg-red-600",
    "distance": "10",
    "name": "신분당선",
    "downStationId": "2",
    "upStationId": "1"
}
host: localhost:37811
connection: Keep-Alive
user-agent: Apache-HttpClient/4.5.13 (Java/1.8.0_342)
accept-encoding: gzip,deflate



HTTP/1.1 201 Created
Transfer-Encoding: chunked
Keep-Alive: timeout=60
Connection: keep-alive
Date: Fri, 19 Aug 2022 17:24:01 GMT
Location: /lines/1
Content-Type: application/json



Hibernate: 
    select
        station0_.id as id1_4_0_,
        station0_.created_date as created_2_4_0_,
        station0_.modified_date as modified3_4_0_,
        station0_.name as name4_4_0_ 
    from
        station station0_ 
    where
        station0_.id=?
2022-08-20 02:24:02.472 TRACE 16121 --- [o-auto-1-exec-4] o.h.type.descriptor.sql.BasicBinder      : binding parameter [1] as [BIGINT] - [1]
2022-08-20 02:24:02.473 TRACE 16121 --- [o-auto-1-exec-4] o.h.type.descriptor.sql.BasicExtractor   : extracted value ([created_2_4_0_] : [TIMESTAMP]) - [2022-08-20T02:24:02.390]
2022-08-20 02:24:02.473 TRACE 16121 --- [o-auto-1-exec-4] o.h.type.descriptor.sql.BasicExtractor   : extracted value ([modified3_4_0_] : [TIMESTAMP]) - [2022-08-20T02:24:02.390]
2022-08-20 02:24:02.473 TRACE 16121 --- [o-auto-1-exec-4] o.h.type.descriptor.sql.BasicExtractor   : extracted value ([name4_4_0_] : [VARCHAR]) - [강남역]
Hibernate: 
    select
        station0_.id as id1_4_0_,
        station0_.created_date as created_2_4_0_,
        station0_.modified_date as modified3_4_0_,
        station0_.name as name4_4_0_ 
    from
        station station0_ 
    where
        station0_.id=?
2022-08-20 02:24:02.473 TRACE 16121 --- [o-auto-1-exec-4] o.h.type.descriptor.sql.BasicBinder      : binding parameter [1] as [BIGINT] - [2]
2022-08-20 02:24:02.474 TRACE 16121 --- [o-auto-1-exec-4] o.h.type.descriptor.sql.BasicExtractor   : extracted value ([created_2_4_0_] : [TIMESTAMP]) - [2022-08-20T02:24:02.421]
2022-08-20 02:24:02.474 TRACE 16121 --- [o-auto-1-exec-4] o.h.type.descriptor.sql.BasicExtractor   : extracted value ([modified3_4_0_] : [TIMESTAMP]) - [2022-08-20T02:24:02.421]
2022-08-20 02:24:02.474 TRACE 16121 --- [o-auto-1-exec-4] o.h.type.descriptor.sql.BasicExtractor   : extracted value ([name4_4_0_] : [VARCHAR]) - [광교역]
Hibernate: 
    insert 
    into
        line
        (id, created_date, modified_date, color, name) 
    values
        (null, ?, ?, ?, ?)
2022-08-20 02:24:02.476 TRACE 16121 --- [o-auto-1-exec-4] o.h.type.descriptor.sql.BasicBinder      : binding parameter [1] as [TIMESTAMP] - [2022-08-20T02:24:02.475]
2022-08-20 02:24:02.476 TRACE 16121 --- [o-auto-1-exec-4] o.h.type.descriptor.sql.BasicBinder      : binding parameter [2] as [TIMESTAMP] - [2022-08-20T02:24:02.475]
2022-08-20 02:24:02.476 TRACE 16121 --- [o-auto-1-exec-4] o.h.type.descriptor.sql.BasicBinder      : binding parameter [3] as [VARCHAR] - [bg-red-600]
2022-08-20 02:24:02.476 TRACE 16121 --- [o-auto-1-exec-4] o.h.type.descriptor.sql.BasicBinder      : binding parameter [4] as [VARCHAR] - [신분당선]
2022-08-20 02:24:02.477  WARN 16121 --- [o-auto-1-exec-4] o.h.engine.jdbc.spi.SqlExceptionHelper   : SQL Error: 23505, SQLState: 23505
2022-08-20 02:24:02.477 ERROR 16121 --- [o-auto-1-exec-4] o.h.engine.jdbc.spi.SqlExceptionHelper   : Unique index or primary key violation: "PUBLIC.UK_9NEY9DAVBULF79NMN9VG6K7TN_INDEX_2 ON PUBLIC.LINE(NAME) VALUES 1"; SQL statement:
insert into line (id, created_date, modified_date, color, name) values (null, ?, ?, ?, ?) [23505-200]
HTTP/1.1 400 
Content-Length: 0
Date: Fri, 19 Aug 2022 17:24:01 GMT
Connection: close
POST /lines HTTP/1.1
accept: */*
content-type: application/json; charset=UTF-8
content-length: 98
host: localhost:37811
connection: Keep-Alive
user-agent: Apache-HttpClient/4.5.13 (Java/1.8.0_342)
accept-encoding: gzip,deflate



HTTP/1.1 400 Bad Request
Connection: close
Content-Length: 0
Date: Fri, 19 Aug 2022 17:24:01 GMT



Hibernate: 
    
SET
    REFERENTIAL_INTEGRITY FALSE
Hibernate: 
    TRUNCATE TABLE section
Hibernate: 
    ALTER TABLE section ALTER COLUMN ID RESTART WITH 1
Hibernate: 
    TRUNCATE TABLE line
Hibernate: 
    ALTER TABLE line ALTER COLUMN ID RESTART WITH 1
Hibernate: 
    TRUNCATE TABLE favorite
Hibernate: 
    ALTER TABLE favorite ALTER COLUMN ID RESTART WITH 1
Hibernate: 
    TRUNCATE TABLE station
Hibernate: 
    ALTER TABLE station ALTER COLUMN ID RESTART WITH 1
Hibernate: 
    TRUNCATE TABLE member
Hibernate: 
    ALTER TABLE member ALTER COLUMN ID RESTART WITH 1
Hibernate: 
    
SET
    REFERENTIAL_INTEGRITY TRUE
Request method:	POST
Request URI:	http://localhost:37811/stations
Proxy:			<none>
Request params:	<none>
Query params:	<none>
Form params:	<none>
Path params:	<none>
Headers:		Accept=*/*
				Content-Type=application/json; charset=UTF-8
Cookies:		<none>
Multiparts:		<none>
Body:
{
    "name": "강남역"
}
Hibernate: 
    insert 
    into
        station
        (id, created_date, modified_date, name) 
    values
        (null, ?, ?, ?)
2022-08-20 02:24:02.499 TRACE 16121 --- [o-auto-1-exec-5] o.h.type.descriptor.sql.BasicBinder      : binding parameter [1] as [TIMESTAMP] - [2022-08-20T02:24:02.498]
2022-08-20 02:24:02.499 TRACE 16121 --- [o-auto-1-exec-5] o.h.type.descriptor.sql.BasicBinder      : binding parameter [2] as [TIMESTAMP] - [2022-08-20T02:24:02.498]
2022-08-20 02:24:02.499 TRACE 16121 --- [o-auto-1-exec-5] o.h.type.descriptor.sql.BasicBinder      : binding parameter [3] as [VARCHAR] - [강남역]
POST /stations HTTP/1.1
HTTP/1.1 201 
Location: /stations/1
Content-Type: application/json
Transfer-Encoding: chunked
Date: Fri, 19 Aug 2022 17:24:01 GMT
Keep-Alive: timeout=60
Connection: keep-alive

{
    "id": 1,
    "name": "강남역",
    "createdDate": "2022-08-20T02:24:02.498",
    "modifiedDate": "2022-08-20T02:24:02.498"
}
accept: */*
content-type: application/json; charset=UTF-8
content-length: 20
host: localhost:37811
connection: Keep-Alive
user-agent: Apache-HttpClient/4.5.13 (Java/1.8.0_342)
accept-encoding: gzip,deflate



HTTP/1.1 201 Created
Transfer-Encoding: chunked
Keep-Alive: timeout=60
Connection: keep-alive
Date: Fri, 19 Aug 2022 17:24:01 GMT
Location: /stations/1
Content-Type: application/json



Request method:	POST
Request URI:	http://localhost:37811/stations
Proxy:			<none>
Request params:	<none>
Query params:	<none>
Form params:	<none>
Path params:	<none>
Headers:		Accept=*/*
				Content-Type=application/json; charset=UTF-8
Cookies:		<none>
Multiparts:		<none>
Body:
{
    "name": "광교역"
}
Hibernate: 
    insert 
    into
        station
        (id, created_date, modified_date, name) 
    values
        (null, ?, ?, ?)
2022-08-20 02:24:02.515 TRACE 16121 --- [o-auto-1-exec-6] o.h.type.descriptor.sql.BasicBinder      : binding parameter [1] as [TIMESTAMP] - [2022-08-20T02:24:02.514]
2022-08-20 02:24:02.515 TRACE 16121 --- [o-auto-1-exec-6] o.h.type.descriptor.sql.BasicBinder      : binding parameter [2] as [TIMESTAMP] - [2022-08-20T02:24:02.514]
2022-08-20 02:24:02.515 TRACE 16121 --- [o-auto-1-exec-6] o.h.type.descriptor.sql.BasicBinder      : binding parameter [3] as [VARCHAR] - [광교역]
HTTP/1.1 201 
Location: /stations/2
Content-Type: application/json
Transfer-Encoding: chunked
Date: Fri, 19 Aug 2022 17:24:01 GMT
Keep-Alive: timeout=60
Connection: keep-alive

{
    "id": 2,
    "name": "광교역",
    "createdDate": "2022-08-20T02:24:02.514",
    "modifiedDate": "2022-08-20T02:24:02.514"
}
POST /stations HTTP/1.1
accept: */*
content-type: application/json; charset=UTF-8
content-length: 20
host: localhost:37811
connection: Keep-Alive
user-agent: Apache-HttpClient/4.5.13 (Java/1.8.0_342)
accept-encoding: gzip,deflate



HTTP/1.1 201 Created
Transfer-Encoding: chunked
Keep-Alive: timeout=60
Connection: keep-alive
Date: Fri, 19 Aug 2022 17:24:01 GMT
Location: /stations/2
Content-Type: application/json



Request method:	POST
Request URI:	http://localhost:37811/lines
Proxy:			<none>
Request params:	<none>
Query params:	<none>
Form params:	<none>
Path params:	<none>
Headers:		Accept=*/*
				Content-Type=application/json; charset=UTF-8
Cookies:		<none>
Multiparts:		<none>
Body:
{
    "color": "bg-red-600",
    "distance": "10",
    "name": "신분당선",
    "downStationId": "2",
    "upStationId": "1"
}
Hibernate: 
    select
        station0_.id as id1_4_0_,
        station0_.created_date as created_2_4_0_,
        station0_.modified_date as modified3_4_0_,
        station0_.name as name4_4_0_ 
    from
        station station0_ 
    where
        station0_.id=?
2022-08-20 02:24:02.535 TRACE 16121 --- [o-auto-1-exec-8] o.h.type.descriptor.sql.BasicBinder      : binding parameter [1] as [BIGINT] - [1]
2022-08-20 02:24:02.536 TRACE 16121 --- [o-auto-1-exec-8] o.h.type.descriptor.sql.BasicExtractor   : extracted value ([created_2_4_0_] : [TIMESTAMP]) - [2022-08-20T02:24:02.498]
2022-08-20 02:24:02.536 TRACE 16121 --- [o-auto-1-exec-8] o.h.type.descriptor.sql.BasicExtractor   : extracted value ([modified3_4_0_] : [TIMESTAMP]) - [2022-08-20T02:24:02.498]
2022-08-20 02:24:02.536 TRACE 16121 --- [o-auto-1-exec-8] o.h.type.descriptor.sql.BasicExtractor   : extracted value ([name4_4_0_] : [VARCHAR]) - [강남역]
Hibernate: 
    select
        station0_.id as id1_4_0_,
        station0_.created_date as created_2_4_0_,
        station0_.modified_date as modified3_4_0_,
        station0_.name as name4_4_0_ 
    from
        station station0_ 
    where
        station0_.id=?
2022-08-20 02:24:02.536 TRACE 16121 --- [o-auto-1-exec-8] o.h.type.descriptor.sql.BasicBinder      : binding parameter [1] as [BIGINT] - [2]
2022-08-20 02:24:02.537 TRACE 16121 --- [o-auto-1-exec-8] o.h.type.descriptor.sql.BasicExtractor   : extracted value ([created_2_4_0_] : [TIMESTAMP]) - [2022-08-20T02:24:02.514]
2022-08-20 02:24:02.537 TRACE 16121 --- [o-auto-1-exec-8] o.h.type.descriptor.sql.BasicExtractor   : extracted value ([modified3_4_0_] : [TIMESTAMP]) - [2022-08-20T02:24:02.514]
2022-08-20 02:24:02.537 TRACE 16121 --- [o-auto-1-exec-8] o.h.type.descriptor.sql.BasicExtractor   : extracted value ([name4_4_0_] : [VARCHAR]) - [광교역]
Hibernate: 
    insert 
    into
        line
        (id, created_date, modified_date, color, name) 
    values
        (null, ?, ?, ?, ?)
2022-08-20 02:24:02.539 TRACE 16121 --- [o-auto-1-exec-8] o.h.type.descriptor.sql.BasicBinder      : binding parameter [1] as [TIMESTAMP] - [2022-08-20T02:24:02.537]
2022-08-20 02:24:02.539 TRACE 16121 --- [o-auto-1-exec-8] o.h.type.descriptor.sql.BasicBinder      : binding parameter [2] as [TIMESTAMP] - [2022-08-20T02:24:02.537]
2022-08-20 02:24:02.542 TRACE 16121 --- [o-auto-1-exec-8] o.h.type.descriptor.sql.BasicBinder      : binding parameter [3] as [VARCHAR] - [bg-red-600]
2022-08-20 02:24:02.542 TRACE 16121 --- [o-auto-1-exec-8] o.h.type.descriptor.sql.BasicBinder      : binding parameter [4] as [VARCHAR] - [신분당선]
Hibernate: 
    insert 
    into
        section
        (id, distance, down_station_id, line_id, up_station_id) 
    values
        (null, ?, ?, ?, ?)
2022-08-20 02:24:02.543 TRACE 16121 --- [o-auto-1-exec-8] o.h.type.descriptor.sql.BasicBinder      : binding parameter [1] as [INTEGER] - [10]
2022-08-20 02:24:02.544 TRACE 16121 --- [o-auto-1-exec-8] o.h.type.descriptor.sql.BasicBinder      : binding parameter [2] as [BIGINT] - [2]
2022-08-20 02:24:02.544 TRACE 16121 --- [o-auto-1-exec-8] o.h.type.descriptor.sql.BasicBinder      : binding parameter [3] as [BIGINT] - [1]
2022-08-20 02:24:02.544 TRACE 16121 --- [o-auto-1-exec-8] o.h.type.descriptor.sql.BasicBinder      : binding parameter [4] as [BIGINT] - [1]
POST /lines HTTP/1.1
accept: */*
content-type: application/json; charset=UTF-8
content-length: 98
host: localhost:37811
HTTP/1.1 201 
connection: Keep-Alive
user-agent: Apache-HttpClient/4.5.13 (Java/1.8.0_342)
accept-encoding: gzip,deflate



HTTP/1.1 201 Created
Transfer-Encoding: chunked
Keep-Alive: timeout=60
Connection: keep-alive
Date: Fri, 19 Aug 2022 17:24:01 GMT
Location: /lines/1
Content-Type: application/json



Location: /lines/1
Content-Type: application/json
Transfer-Encoding: chunked
Date: Fri, 19 Aug 2022 17:24:01 GMT
Keep-Alive: timeout=60
Connection: keep-alive

{
    "id": 1,
    "name": "신분당선",
    "color": "bg-red-600",
    "stations": [
        {
            "id": 1,
            "name": "강남역",
            "createdDate": "2022-08-20T02:24:02.498",
            "modifiedDate": "2022-08-20T02:24:02.498"
        },
        {
            "id": 2,
            "name": "광교역",
            "createdDate": "2022-08-20T02:24:02.514",
            "modifiedDate": "2022-08-20T02:24:02.514"
        }
    ],
    "createdDate": "2022-08-20T02:24:02.537",
    "modifiedDate": "2022-08-20T02:24:02.537"
}
Hibernate: 
    
SET
    REFERENTIAL_INTEGRITY FALSE
Hibernate: 
    TRUNCATE TABLE section
Hibernate: 
    ALTER TABLE section ALTER COLUMN ID RESTART WITH 1
Hibernate: 
    TRUNCATE TABLE line
Hibernate: 
    ALTER TABLE line ALTER COLUMN ID RESTART WITH 1
Hibernate: 
    TRUNCATE TABLE favorite
Hibernate: 
    ALTER TABLE favorite ALTER COLUMN ID RESTART WITH 1
Hibernate: 
    TRUNCATE TABLE station
Hibernate: 
    ALTER TABLE station ALTER COLUMN ID RESTART WITH 1
Hibernate: 
    TRUNCATE TABLE member
Hibernate: 
    ALTER TABLE member ALTER COLUMN ID RESTART WITH 1
Hibernate: 
    
SET
    REFERENTIAL_INTEGRITY TRUE
Request method:	POST
Request URI:	http://localhost:37811/stations
Proxy:			<none>
Request params:	<none>
Query params:	<none>
Form params:	<none>
Path params:	<none>
Headers:		Accept=*/*
				Content-Type=application/json; charset=UTF-8
Cookies:		<none>
Multiparts:		<none>
Body:
{
    "name": "강남역"
}
Hibernate: 
    insert 
    into
        station
        (id, created_date, modified_date, name) 
    values
        (null, ?, ?, ?)
2022-08-20 02:24:02.591 TRACE 16121 --- [o-auto-1-exec-7] o.h.type.descriptor.sql.BasicBinder      : binding parameter [1] as [TIMESTAMP] - [2022-08-20T02:24:02.591]
2022-08-20 02:24:02.591 TRACE 16121 --- [o-auto-1-exec-7] o.h.type.descriptor.sql.BasicBinder      : binding parameter [2] as [TIMESTAMP] - [2022-08-20T02:24:02.591]
2022-08-20 02:24:02.592 TRACE 16121 --- [o-auto-1-exec-7] o.h.type.descriptor.sql.BasicBinder      : binding parameter [3] as [VARCHAR] - [강남역]
POST /stations HTTP/1.1
accept: */*
content-type: application/json; charset=UTF-8
content-length: 20
host: localhost:37811
connection: Keep-Alive
user-agent: Apache-HttpClient/4.5.13 (Java/1.8.0_342)
accept-encoding: gzip,deflate



HTTP/1.1 201 Created
Transfer-Encoding: chunked
Keep-Alive: timeout=60
Connection: keep-alive
Date: Fri, 19 Aug 2022 17:24:01 GMT
Location: /stations/1
Content-Type: application/json


HTTP/1.1 201 
Location: /stations/1
Content-Type: application/json
Transfer-Encoding: chunked
Date: Fri, 19 Aug 2022 17:24:01 GMT
Keep-Alive: timeout=60
Connection: keep-alive

{
    "id": 1,
    "name": "강남역",
    "createdDate": "2022-08-20T02:24:02.591",
    "modifiedDate": "2022-08-20T02:24:02.591"
}
Request method:	POST
Request URI:	http://localhost:37811/stations
Proxy:			<none>
Request params:	<none>
Query params:	<none>
Form params:	<none>
Path params:	<none>
Headers:		Accept=*/*
				Content-Type=application/json; charset=UTF-8
Cookies:		<none>
Multiparts:		<none>
Body:
{
    "name": "광교역"
}

Hibernate: 
    insert 
    into
        station
        (id, created_date, modified_date, name) 
    values
        (null, ?, ?, ?)
2022-08-20 02:24:02.610 TRACE 16121 --- [-auto-1-exec-10] o.h.type.descriptor.sql.BasicBinder      : binding parameter [1] as [TIMESTAMP] - [2022-08-20T02:24:02.610]
2022-08-20 02:24:02.611 TRACE 16121 --- [-auto-1-exec-10] o.h.type.descriptor.sql.BasicBinder      : binding parameter [2] as [TIMESTAMP] - [2022-08-20T02:24:02.610]
2022-08-20 02:24:02.611 TRACE 16121 --- [-auto-1-exec-10] o.h.type.descriptor.sql.BasicBinder      : binding parameter [3] as [VARCHAR] - [광교역]
HTTP/1.1 201 
Location: /stations/2
Content-Type: application/json
Transfer-Encoding: chunked
Date: Fri, 19 Aug 2022 17:24:01 GMT
Keep-Alive: timeout=60
Connection: keep-alive

{
    "id": 2,
    "name": "광교역",
    "createdDate": "2022-08-20T02:24:02.61",
    "modifiedDate": "2022-08-20T02:24:02.61"
}
POST /stations HTTP/1.1
accept: */*
content-type: application/json; charset=UTF-8
content-length: 20
host: localhost:37811
connection: Keep-Alive
user-agent: Apache-HttpClient/4.5.13 (Java/1.8.0_342)
accept-encoding: gzip,deflate



HTTP/1.1 201 Created
Transfer-Encoding: chunked
Keep-Alive: timeout=60
Connection: keep-alive
Date: Fri, 19 Aug 2022 17:24:01 GMT
Location: /stations/2
Content-Type: application/json



Request method:	POST
Request URI:	http://localhost:37811/lines
Proxy:			<none>
Request params:	<none>
Query params:	<none>
Form params:	<none>
Path params:	<none>
Headers:		Accept=*/*
				Content-Type=application/json; charset=UTF-8
Cookies:		<none>
Multiparts:		<none>
Body:
{
    "color": "bg-red-600",
    "distance": "10",
    "name": "신분당선",
    "downStationId": "2",
    "upStationId": "1"
}
Hibernate: 
    select
        station0_.id as id1_4_0_,
        station0_.created_date as created_2_4_0_,
        station0_.modified_date as modified3_4_0_,
        station0_.name as name4_4_0_ 
    from
        station station0_ 
    where
        station0_.id=?
2022-08-20 02:24:02.630 TRACE 16121 --- [o-auto-1-exec-2] o.h.type.descriptor.sql.BasicBinder      : binding parameter [1] as [BIGINT] - [1]
2022-08-20 02:24:02.631 TRACE 16121 --- [o-auto-1-exec-2] o.h.type.descriptor.sql.BasicExtractor   : extracted value ([created_2_4_0_] : [TIMESTAMP]) - [2022-08-20T02:24:02.591]
2022-08-20 02:24:02.631 TRACE 16121 --- [o-auto-1-exec-2] o.h.type.descriptor.sql.BasicExtractor   : extracted value ([modified3_4_0_] : [TIMESTAMP]) - [2022-08-20T02:24:02.591]
2022-08-20 02:24:02.631 TRACE 16121 --- [o-auto-1-exec-2] o.h.type.descriptor.sql.BasicExtractor   : extracted value ([name4_4_0_] : [VARCHAR]) - [강남역]
Hibernate: 
    select
        station0_.id as id1_4_0_,
        station0_.created_date as created_2_4_0_,
        station0_.modified_date as modified3_4_0_,
        station0_.name as name4_4_0_ 
    from
        station station0_ 
    where
        station0_.id=?
2022-08-20 02:24:02.633 TRACE 16121 --- [o-auto-1-exec-2] o.h.type.descriptor.sql.BasicBinder      : binding parameter [1] as [BIGINT] - [2]
2022-08-20 02:24:02.633 TRACE 16121 --- [o-auto-1-exec-2] o.h.type.descriptor.sql.BasicExtractor   : extracted value ([created_2_4_0_] : [TIMESTAMP]) - [2022-08-20T02:24:02.610]
2022-08-20 02:24:02.633 TRACE 16121 --- [o-auto-1-exec-2] o.h.type.descriptor.sql.BasicExtractor   : extracted value ([modified3_4_0_] : [TIMESTAMP]) - [2022-08-20T02:24:02.610]
2022-08-20 02:24:02.633 TRACE 16121 --- [o-auto-1-exec-2] o.h.type.descriptor.sql.BasicExtractor   : extracted value ([name4_4_0_] : [VARCHAR]) - [광교역]
Hibernate: 
    insert 
    into
        line
        (id, created_date, modified_date, color, name) 
    values
        (null, ?, ?, ?, ?)
2022-08-20 02:24:02.635 TRACE 16121 --- [o-auto-1-exec-2] o.h.type.descriptor.sql.BasicBinder      : binding parameter [1] as [TIMESTAMP] - [2022-08-20T02:24:02.634]
2022-08-20 02:24:02.635 TRACE 16121 --- [o-auto-1-exec-2] o.h.type.descriptor.sql.BasicBinder      : binding parameter [2] as [TIMESTAMP] - [2022-08-20T02:24:02.634]
2022-08-20 02:24:02.635 TRACE 16121 --- [o-auto-1-exec-2] o.h.type.descriptor.sql.BasicBinder      : binding parameter [3] as [VARCHAR] - [bg-red-600]
2022-08-20 02:24:02.636 TRACE 16121 --- [o-auto-1-exec-2] o.h.type.descriptor.sql.BasicBinder      : binding parameter [4] as [VARCHAR] - [신분당선]
Hibernate: 
    insert 
    into
        section
        (id, distance, down_station_id, line_id, up_station_id) 
    values
        (null, ?, ?, ?, ?)
2022-08-20 02:24:02.637 TRACE 16121 --- [o-auto-1-exec-2] o.h.type.descriptor.sql.BasicBinder      : binding parameter [1] as [INTEGER] - [10]
2022-08-20 02:24:02.637 TRACE 16121 --- [o-auto-1-exec-2] o.h.type.descriptor.sql.BasicBinder      : binding parameter [2] as [BIGINT] - [2]
2022-08-20 02:24:02.637 TRACE 16121 --- [o-auto-1-exec-2] o.h.type.descriptor.sql.BasicBinder      : binding parameter [3] as [BIGINT] - [1]
2022-08-20 02:24:02.637 TRACE 16121 --- [o-auto-1-exec-2] o.h.type.descriptor.sql.BasicBinder      : binding parameter [4] as [BIGINT] - [1]
HTTP/1.1 201 
Location: /lines/1
Content-Type: application/json
Transfer-Encoding: chunked
Date: Fri, 19 Aug 2022 17:24:01 GMT
Keep-Alive: timeout=60
Connection: keep-alive

{
    "id": 1,
    "name": "신분당선",
    "color": "bg-red-600",
    "stations": [
        {
            "id": 1,
            "name": "강남역",
            "createdDate": "2022-08-20T02:24:02.591",
            "modifiedDate": "2022-08-20T02:24:02.591"
        },
        {
            "id": 2,
            "name": "광교역",
            "createdDate": "2022-08-20T02:24:02.61",
            "modifiedDate": "2022-08-20T02:24:02.61"
        }
    ],
    "createdDate": "2022-08-20T02:24:02.634",
    "modifiedDate": "2022-08-20T02:24:02.634"
}
Request method:	DELETE
Request URI:	http://localhost:37811/lines/1
Proxy:			<none>
Request params:	<none>
Query params:	<none>
Form params:	<none>
Path params:	<none>
Headers:		Accept=*/*
Cookies:		<none>
Multiparts:		<none>
Body:			<none>
Hibernate: 
    select
        line0_.id as id1_1_0_,
        line0_.created_date as created_2_1_0_,
        line0_.modified_date as modified3_1_0_,
        line0_.color as color4_1_0_,
        line0_.name as name5_1_0_ 
    from
        line line0_ 
    where
        line0_.id=?
2022-08-20 02:24:02.651 TRACE 16121 --- [-auto-1-exec-48] o.h.type.descriptor.sql.BasicBinder      : binding parameter [1] as [BIGINT] - [1]
2022-08-20 02:24:02.652 TRACE 16121 --- [-auto-1-exec-48] o.h.type.descriptor.sql.BasicExtractor   : extracted value ([created_2_1_0_] : [TIMESTAMP]) - [2022-08-20T02:24:02.634]
2022-08-20 02:24:02.652 TRACE 16121 --- [-auto-1-exec-48] o.h.type.descriptor.sql.BasicExtractor   : extracted value ([modified3_1_0_] : [TIMESTAMP]) - [2022-08-20T02:24:02.634]
2022-08-20 02:24:02.652 TRACE 16121 --- [-auto-1-exec-48] o.h.type.descriptor.sql.BasicExtractor   : extracted value ([color4_1_0_] : [VARCHAR]) - [bg-red-600]
2022-08-20 02:24:02.652 TRACE 16121 --- [-auto-1-exec-48] o.h.type.descriptor.sql.BasicExtractor   : extracted value ([name5_1_0_] : [VARCHAR]) - [신분당선]
Hibernate: 
    select
        sections0_.line_id as line_id4_3_0_,
        sections0_.id as id1_3_0_,
        sections0_.id as id1_3_1_,
        sections0_.distance as distance2_3_1_,
        sections0_.down_station_id as down_sta3_3_1_,
        sections0_.line_id as line_id4_3_1_,
        sections0_.up_station_id as up_stati5_3_1_,
        station1_.id as id1_4_2_,
        station1_.created_date as created_2_4_2_,
        station1_.modified_date as modified3_4_2_,
        station1_.name as name4_4_2_,
        station2_.id as id1_4_3_,
        station2_.created_date as created_2_4_3_,
        station2_.modified_date as modified3_4_3_,
        station2_.name as name4_4_3_ 
    from
        section sections0_ 
    left outer join
        station station1_ 
            on sections0_.down_station_id=station1_.id 
    left outer join
        station station2_ 
            on sections0_.up_station_id=station2_.id 
    where
        sections0_.line_id=?
2022-08-20 02:24:02.656 TRACE 16121 --- [-auto-1-exec-48] o.h.type.descriptor.sql.BasicBinder      : binding parameter [1] as [BIGINT] - [1]
2022-08-20 02:24:02.656 TRACE 16121 --- [-auto-1-exec-48] o.h.type.descriptor.sql.BasicExtractor   : extracted value ([id1_3_1_] : [BIGINT]) - [1]
2022-08-20 02:24:02.656 TRACE 16121 --- [-auto-1-exec-48] o.h.type.descriptor.sql.BasicExtractor   : extracted value ([id1_4_2_] : [BIGINT]) - [2]
2022-08-20 02:24:02.656 TRACE 16121 --- [-auto-1-exec-48] o.h.type.descriptor.sql.BasicExtractor   : extracted value ([id1_4_3_] : [BIGINT]) - [1]
2022-08-20 02:24:02.657 TRACE 16121 --- [-auto-1-exec-48] o.h.type.descriptor.sql.BasicExtractor   : extracted value ([distance2_3_1_] : [INTEGER]) - [10]
POST /lines HTTP/1.1
accept: */*
content-type: application/json; charset=UTF-8
content-length: 98
host: localhost:37811
connection: Keep-Alive
user-agent: Apache-HttpClient/4.5.13 (Java/1.8.0_342)
accept-encoding: gzip,deflate



HTTP/1.1 201 Created
Transfer-Encoding: chunked
Keep-Alive: timeout=60
Connection: keep-alive
Date: Fri, 19 Aug 2022 17:24:01 GMT
Location: /lines/1
Content-Type: application/json



2022-08-20 02:24:02.657 TRACE 16121 --- [-auto-1-exec-48] o.h.type.descriptor.sql.BasicExtractor   : extracted value ([down_sta3_3_1_] : [BIGINT]) - [2]
2022-08-20 02:24:02.658 TRACE 16121 --- [-auto-1-exec-48] o.h.type.descriptor.sql.BasicExtractor   : extracted value ([line_id4_3_1_] : [BIGINT]) - [1]
2022-08-20 02:24:02.658 TRACE 16121 --- [-auto-1-exec-48] o.h.type.descriptor.sql.BasicExtractor   : extracted value ([up_stati5_3_1_] : [BIGINT]) - [1]
2022-08-20 02:24:02.658 TRACE 16121 --- [-auto-1-exec-48] o.h.type.descriptor.sql.BasicExtractor   : extracted value ([created_2_4_2_] : [TIMESTAMP]) - [2022-08-20T02:24:02.610]
2022-08-20 02:24:02.658 TRACE 16121 --- [-auto-1-exec-48] o.h.type.descriptor.sql.BasicExtractor   : extracted value ([modified3_4_2_] : [TIMESTAMP]) - [2022-08-20T02:24:02.610]
2022-08-20 02:24:02.658 TRACE 16121 --- [-auto-1-exec-48] o.h.type.descriptor.sql.BasicExtractor   : extracted value ([name4_4_2_] : [VARCHAR]) - [광교역]
2022-08-20 02:24:02.659 TRACE 16121 --- [-auto-1-exec-48] o.h.type.descriptor.sql.BasicExtractor   : extracted value ([created_2_4_3_] : [TIMESTAMP]) - [2022-08-20T02:24:02.591]
2022-08-20 02:24:02.659 TRACE 16121 --- [-auto-1-exec-48] o.h.type.descriptor.sql.BasicExtractor   : extracted value ([modified3_4_3_] : [TIMESTAMP]) - [2022-08-20T02:24:02.591]
2022-08-20 02:24:02.659 TRACE 16121 --- [-auto-1-exec-48] o.h.type.descriptor.sql.BasicExtractor   : extracted value ([name4_4_3_] : [VARCHAR]) - [강남역]
2022-08-20 02:24:02.659 TRACE 16121 --- [-auto-1-exec-48] o.h.type.descriptor.sql.BasicExtractor   : extracted value ([line_id4_3_0_] : [BIGINT]) - [1]
2022-08-20 02:24:02.659 TRACE 16121 --- [-auto-1-exec-48] o.h.type.descriptor.sql.BasicExtractor   : extracted value ([id1_3_0_] : [BIGINT]) - [1]
Hibernate: 
    delete 
    from
        section 
    where
        id=?
2022-08-20 02:24:02.661 TRACE 16121 --- [-auto-1-exec-48] o.h.type.descriptor.sql.BasicBinder      : binding parameter [1] as [BIGINT] - [1]
Hibernate: 
    delete 
    from
        line 
    where
        id=?
2022-08-20 02:24:02.662 TRACE 16121 --- [-auto-1-exec-48] o.h.type.descriptor.sql.BasicBinder      : binding parameter [1] as [BIGINT] - [1]
DELETE /lines/1 HTTP/1.1
accept: */*
host: localhost:37811
connection: Keep-Alive
user-agent: Apache-HttpClient/4.5.13 (Java/1.8.0_342)
accept-encoding: gzip,deflate



HTTP/1.1 204 No Content
Keep-Alive: timeout=60
Connection: keep-alive
Date: Fri, 19 Aug 2022 17:24:01 GMT



HTTP/1.1 204 
Date: Fri, 19 Aug 2022 17:24:01 GMT
Keep-Alive: timeout=60
Connection: keep-alive
Hibernate: 
    
SET
    REFERENTIAL_INTEGRITY FALSE
Hibernate: 
    TRUNCATE TABLE section
Hibernate: 
    ALTER TABLE section ALTER COLUMN ID RESTART WITH 1
Hibernate: 
    TRUNCATE TABLE line
Hibernate: 
    ALTER TABLE line ALTER COLUMN ID RESTART WITH 1
Hibernate: 
    TRUNCATE TABLE favorite
Hibernate: 
    ALTER TABLE favorite ALTER COLUMN ID RESTART WITH 1
Hibernate: 
    TRUNCATE TABLE station
Hibernate: 
    ALTER TABLE station ALTER COLUMN ID RESTART WITH 1
Hibernate: 
    TRUNCATE TABLE member
Hibernate: 
    ALTER TABLE member ALTER COLUMN ID RESTART WITH 1
Hibernate: 
    
SET
    REFERENTIAL_INTEGRITY TRUE
Request method:	POST
Request URI:	http://localhost:37811/stations
Proxy:			<none>
Request params:	<none>
Query params:	<none>
Form params:	<none>
Path params:	<none>
Headers:		Accept=*/*
				Content-Type=application/json; charset=UTF-8
Cookies:		<none>
Multiparts:		<none>
Body:
{
    "name": "강남역"
}
Hibernate: 
    insert 
    into
        station
        (id, created_date, modified_date, name) 
    values
        (null, ?, ?, ?)
2022-08-20 02:24:02.697 TRACE 16121 --- [-auto-1-exec-49] o.h.type.descriptor.sql.BasicBinder      : binding parameter [1] as [TIMESTAMP] - [2022-08-20T02:24:02.696]
2022-08-20 02:24:02.697 TRACE 16121 --- [-auto-1-exec-49] o.h.type.descriptor.sql.BasicBinder      : binding parameter [2] as [TIMESTAMP] - [2022-08-20T02:24:02.696]
2022-08-20 02:24:02.697 TRACE 16121 --- [-auto-1-exec-49] o.h.type.descriptor.sql.BasicBinder      : binding parameter [3] as [VARCHAR] - [강남역]
POST /stations HTTP/1.1
accept: */*
content-type: application/json; charset=UTF-8
content-length: 20
host: localhost:37811
connection: Keep-Alive
user-agent: Apache-HttpClient/4.5.13 (Java/1.8.0_342)
accept-encoding: gzip,deflate



HTTP/1.1 201 Created
Transfer-Encoding: chunked
Keep-Alive: timeout=60
Connection: keep-alive
Date: Fri, 19 Aug 2022 17:24:01 GMT
Location: /stations/1
Content-Type: application/json



HTTP/1.1 201 
Location: /stations/1
Content-Type: application/json
Transfer-Encoding: chunked
Date: Fri, 19 Aug 2022 17:24:01 GMT
Keep-Alive: timeout=60
Connection: keep-alive

{
    "id": 1,
    "name": "강남역",
    "createdDate": "2022-08-20T02:24:02.696",
    "modifiedDate": "2022-08-20T02:24:02.696"
}
Request method:	POST
Request URI:	http://localhost:37811/stations
Proxy:			<none>
Request params:	<none>
Query params:	<none>
Form params:	<none>
Path params:	<none>
Headers:		Accept=*/*
				Content-Type=application/json; charset=UTF-8
Cookies:		<none>
Multiparts:		<none>
Body:
{
    "name": "광교역"
}
Hibernate: 
    insert 
    into
        station
        (id, created_date, modified_date, name) 
    values
        (null, ?, ?, ?)
2022-08-20 02:24:02.719 TRACE 16121 --- [-auto-1-exec-47] o.h.type.descriptor.sql.BasicBinder      : binding parameter [1] as [TIMESTAMP] - [2022-08-20T02:24:02.719]
2022-08-20 02:24:02.720 TRACE 16121 --- [-auto-1-exec-47] o.h.type.descriptor.sql.BasicBinder      : binding parameter [2] as [TIMESTAMP] - [2022-08-20T02:24:02.719]
2022-08-20 02:24:02.720 TRACE 16121 --- [-auto-1-exec-47] o.h.type.descriptor.sql.BasicBinder      : binding parameter [3] as [VARCHAR] - [광교역]
POST /stations HTTP/1.1
accept: */*
content-type: application/json; charset=UTF-8
content-length: 20
host: localhost:37811
connection: Keep-Alive
user-agent: Apache-HttpClient/4.5.13 (Java/1.8.0_342)
accept-encoding: gzip,deflate



HTTP/1.1 201 Created
Transfer-Encoding: chunked
Keep-Alive: timeout=60
Connection: keep-alive
Date: Fri, 19 Aug 2022 17:24:01 GMT
Location: /stations/2
Content-Type: application/json



HTTP/1.1 201 
Location: /stations/2
Content-Type: application/json
Transfer-Encoding: chunked
Date: Fri, 19 Aug 2022 17:24:01 GMT
Keep-Alive: timeout=60
Connection: keep-alive

{
    "id": 2,
    "name": "광교역",
    "createdDate": "2022-08-20T02:24:02.719",
    "modifiedDate": "2022-08-20T02:24:02.719"
}
Request method:	POST
Request URI:	http://localhost:37811/lines
Proxy:			<none>
Request params:	<none>
Query params:	<none>
Form params:	<none>
Path params:	<none>
Headers:		Accept=*/*
				Content-Type=application/json; charset=UTF-8
Cookies:		<none>
Multiparts:		<none>
Body:
{
    "color": "bg-red-600",
    "distance": "15",
    "name": "구분당선",
    "downStationId": "2",
    "upStationId": "1"
}
Hibernate: 
    select
        station0_.id as id1_4_0_,
        station0_.created_date as created_2_4_0_,
        station0_.modified_date as modified3_4_0_,
        station0_.name as name4_4_0_ 
    from
        station station0_ 
    where
        station0_.id=?
2022-08-20 02:24:02.739 TRACE 16121 --- [-auto-1-exec-50] o.h.type.descriptor.sql.BasicBinder      : binding parameter [1] as [BIGINT] - [1]
2022-08-20 02:24:02.739 TRACE 16121 --- [-auto-1-exec-50] o.h.type.descriptor.sql.BasicExtractor   : extracted value ([created_2_4_0_] : [TIMESTAMP]) - [2022-08-20T02:24:02.696]
2022-08-20 02:24:02.739 TRACE 16121 --- [-auto-1-exec-50] o.h.type.descriptor.sql.BasicExtractor   : extracted value ([modified3_4_0_] : [TIMESTAMP]) - [2022-08-20T02:24:02.696]
2022-08-20 02:24:02.740 TRACE 16121 --- [-auto-1-exec-50] o.h.type.descriptor.sql.BasicExtractor   : extracted value ([name4_4_0_] : [VARCHAR]) - [강남역]
Hibernate: 
    select
        station0_.id as id1_4_0_,
        station0_.created_date as created_2_4_0_,
        station0_.modified_date as modified3_4_0_,
        station0_.name as name4_4_0_ 
    from
        station station0_ 
    where
        station0_.id=?
2022-08-20 02:24:02.741 TRACE 16121 --- [-auto-1-exec-50] o.h.type.descriptor.sql.BasicBinder      : binding parameter [1] as [BIGINT] - [2]
2022-08-20 02:24:02.741 TRACE 16121 --- [-auto-1-exec-50] o.h.type.descriptor.sql.BasicExtractor   : extracted value ([created_2_4_0_] : [TIMESTAMP]) - [2022-08-20T02:24:02.719]
2022-08-20 02:24:02.741 TRACE 16121 --- [-auto-1-exec-50] o.h.type.descriptor.sql.BasicExtractor   : extracted value ([modified3_4_0_] : [TIMESTAMP]) - [2022-08-20T02:24:02.719]
2022-08-20 02:24:02.741 TRACE 16121 --- [-auto-1-exec-50] o.h.type.descriptor.sql.BasicExtractor   : extracted value ([name4_4_0_] : [VARCHAR]) - [광교역]
Hibernate: 
    insert 
    into
        line
        (id, created_date, modified_date, color, name) 
    values
        (null, ?, ?, ?, ?)
2022-08-20 02:24:02.742 TRACE 16121 --- [-auto-1-exec-50] o.h.type.descriptor.sql.BasicBinder      : binding parameter [1] as [TIMESTAMP] - [2022-08-20T02:24:02.742]
2022-08-20 02:24:02.743 TRACE 16121 --- [-auto-1-exec-50] o.h.type.descriptor.sql.BasicBinder      : binding parameter [2] as [TIMESTAMP] - [2022-08-20T02:24:02.742]
2022-08-20 02:24:02.743 TRACE 16121 --- [-auto-1-exec-50] o.h.type.descriptor.sql.BasicBinder      : binding parameter [3] as [VARCHAR] - [bg-red-600]
2022-08-20 02:24:02.743 TRACE 16121 --- [-auto-1-exec-50] o.h.type.descriptor.sql.BasicBinder      : binding parameter [4] as [VARCHAR] - [구분당선]
Hibernate: 
    insert 
    into
        section
        (id, distance, down_station_id, line_id, up_station_id) 
    values
        (null, ?, ?, ?, ?)
2022-08-20 02:24:02.745 TRACE 16121 --- [-auto-1-exec-50] o.h.type.descriptor.sql.BasicBinder      : binding parameter [1] as [INTEGER] - [15]
2022-08-20 02:24:02.745 TRACE 16121 --- [-auto-1-exec-50] o.h.type.descriptor.sql.BasicBinder      : binding parameter [2] as [BIGINT] - [2]
2022-08-20 02:24:02.745 TRACE 16121 --- [-auto-1-exec-50] o.h.type.descriptor.sql.BasicBinder      : binding parameter [3] as [BIGINT] - [1]
2022-08-20 02:24:02.745 TRACE 16121 --- [-auto-1-exec-50] o.h.type.descriptor.sql.BasicBinder      : binding parameter [4] as [BIGINT] - [1]
HTTP/1.1 201 
Location: /lines/1
Content-Type: application/json
Transfer-Encoding: chunked
Date: Fri, 19 Aug 2022 17:24:01 GMT
Keep-Alive: timeout=60
Connection: keep-alive

{
    "id": 1,
    "name": "구분당선",
    "color": "bg-red-600",
    "stations": [
        {
            "id": 1,
            "name": "강남역",
            "createdDate": "2022-08-20T02:24:02.696",
            "modifiedDate": "2022-08-20T02:24:02.696"
        },
        {
            "id": 2,
            "name": "광교역",
            "createdDate": "2022-08-20T02:24:02.719",
            "modifiedDate": "2022-08-20T02:24:02.719"
        }
    ],
    "createdDate": "2022-08-20T02:24:02.742",
    "modifiedDate": "2022-08-20T02:24:02.742"
}
Request method:	POST
Request URI:	http://localhost:37811/lines
Proxy:			<none>
Request params:	<none>
Query params:	<none>
Form params:	<none>
Path params:	<none>
Headers:		Accept=*/*
				Content-Type=application/json; charset=UTF-8
Cookies:		<none>
Multiparts:		<none>
Body:
{
    "color": "bg-red-600",
    "distance": "10",
    "name": "신분당선",
    "downStationId": "2",
    "upStationId": "1"
}
POST /lines HTTP/1.1
accept: */*
content-type: application/json; charset=UTF-8
content-length: 98
host: localhost:37811
connection: Keep-Alive
user-agent: Apache-HttpClient/4.5.13 (Java/1.8.0_342)
accept-encoding: gzip,deflate



HTTP/1.1 201 Created
Transfer-Encoding: chunked
Keep-Alive: timeout=60
Connection: keep-alive
Date: Fri, 19 Aug 2022 17:24:01 GMT
Location: /lines/1
Content-Type: application/json



Hibernate: 
    select
        station0_.id as id1_4_0_,
        station0_.created_date as created_2_4_0_,
        station0_.modified_date as modified3_4_0_,
        station0_.name as name4_4_0_ 
    from
        station station0_ 
    where
        station0_.id=?
2022-08-20 02:24:02.763 TRACE 16121 --- [-auto-1-exec-51] o.h.type.descriptor.sql.BasicBinder      : binding parameter [1] as [BIGINT] - [1]
2022-08-20 02:24:02.763 TRACE 16121 --- [-auto-1-exec-51] o.h.type.descriptor.sql.BasicExtractor   : extracted value ([created_2_4_0_] : [TIMESTAMP]) - [2022-08-20T02:24:02.696]
2022-08-20 02:24:02.763 TRACE 16121 --- [-auto-1-exec-51] o.h.type.descriptor.sql.BasicExtractor   : extracted value ([modified3_4_0_] : [TIMESTAMP]) - [2022-08-20T02:24:02.696]
2022-08-20 02:24:02.763 TRACE 16121 --- [-auto-1-exec-51] o.h.type.descriptor.sql.BasicExtractor   : extracted value ([name4_4_0_] : [VARCHAR]) - [강남역]
Hibernate: 
    select
        station0_.id as id1_4_0_,
        station0_.created_date as created_2_4_0_,
        station0_.modified_date as modified3_4_0_,
        station0_.name as name4_4_0_ 
    from
        station station0_ 
    where
        station0_.id=?
2022-08-20 02:24:02.764 TRACE 16121 --- [-auto-1-exec-51] o.h.type.descriptor.sql.BasicBinder      : binding parameter [1] as [BIGINT] - [2]
2022-08-20 02:24:02.764 TRACE 16121 --- [-auto-1-exec-51] o.h.type.descriptor.sql.BasicExtractor   : extracted value ([created_2_4_0_] : [TIMESTAMP]) - [2022-08-20T02:24:02.719]
2022-08-20 02:24:02.764 TRACE 16121 --- [-auto-1-exec-51] o.h.type.descriptor.sql.BasicExtractor   : extracted value ([modified3_4_0_] : [TIMESTAMP]) - [2022-08-20T02:24:02.719]
2022-08-20 02:24:02.764 TRACE 16121 --- [-auto-1-exec-51] o.h.type.descriptor.sql.BasicExtractor   : extracted value ([name4_4_0_] : [VARCHAR]) - [광교역]
Hibernate: 
    insert 
    into
        line
        (id, created_date, modified_date, color, name) 
    values
        (null, ?, ?, ?, ?)
2022-08-20 02:24:02.765 TRACE 16121 --- [-auto-1-exec-51] o.h.type.descriptor.sql.BasicBinder      : binding parameter [1] as [TIMESTAMP] - [2022-08-20T02:24:02.765]
2022-08-20 02:24:02.765 TRACE 16121 --- [-auto-1-exec-51] o.h.type.descriptor.sql.BasicBinder      : binding parameter [2] as [TIMESTAMP] - [2022-08-20T02:24:02.765]
2022-08-20 02:24:02.765 TRACE 16121 --- [-auto-1-exec-51] o.h.type.descriptor.sql.BasicBinder      : binding parameter [3] as [VARCHAR] - [bg-red-600]
2022-08-20 02:24:02.765 TRACE 16121 --- [-auto-1-exec-51] o.h.type.descriptor.sql.BasicBinder      : binding parameter [4] as [VARCHAR] - [신분당선]
Hibernate: 
    insert 
    into
        section
        (id, distance, down_station_id, line_id, up_station_id) 
    values
        (null, ?, ?, ?, ?)
2022-08-20 02:24:02.768 TRACE 16121 --- [-auto-1-exec-51] o.h.type.descriptor.sql.BasicBinder      : binding parameter [1] as [INTEGER] - [10]
2022-08-20 02:24:02.768 TRACE 16121 --- [-auto-1-exec-51] o.h.type.descriptor.sql.BasicBinder      : binding parameter [2] as [BIGINT] - [2]
2022-08-20 02:24:02.768 TRACE 16121 --- [-auto-1-exec-51] o.h.type.descriptor.sql.BasicBinder      : binding parameter [3] as [BIGINT] - [2]
2022-08-20 02:24:02.768 TRACE 16121 --- [-auto-1-exec-51] o.h.type.descriptor.sql.BasicBinder      : binding parameter [4] as [BIGINT] - [1]
HTTP/1.1 201 
Location: /lines/2
Content-Type: application/json
Transfer-Encoding: chunked
Date: Fri, 19 Aug 2022 17:24:02 GMT
Keep-Alive: timeout=60
Connection: keep-alive

{
    "id": 2,
    "name": "신분당선",
    "color": "bg-red-600",
    "stations": [
        {
            "id": 1,
            "name": "강남역",
            "createdDate": "2022-08-20T02:24:02.696",
            "modifiedDate": "2022-08-20T02:24:02.696"
        },
        {
            "id": 2,
            "name": "광교역",
            "createdDate": "2022-08-20T02:24:02.719",
            "modifiedDate": "2022-08-20T02:24:02.719"
        }
    ],
    "createdDate": "2022-08-20T02:24:02.765",
    "modifiedDate": "2022-08-20T02:24:02.765"
}
POST /lines HTTP/1.1
Request method:	GET
Request URI:	http://localhost:37811/lines
Proxy:			<none>
Request params:	<none>
Query params:	<none>
Form params:	<none>
Path params:	<none>
Headers:		Accept=application/json
Cookies:		<none>
Multiparts:		<none>
Body:			<none>
accept: */*
content-type: application/json; charset=UTF-8
content-length: 98
host: localhost:37811
connection: Keep-Alive
user-agent: Apache-HttpClient/4.5.13 (Java/1.8.0_342)
accept-encoding: gzip,deflate



HTTP/1.1 201 Created
Transfer-Encoding: chunked
Keep-Alive: timeout=60
Connection: keep-alive
Date: Fri, 19 Aug 2022 17:24:02 GMT
Location: /lines/2
Content-Type: application/json



Hibernate: 
    select
        line0_.id as id1_1_,
        line0_.created_date as created_2_1_,
        line0_.modified_date as modified3_1_,
        line0_.color as color4_1_,
        line0_.name as name5_1_ 
    from
        line line0_
2022-08-20 02:24:02.779 TRACE 16121 --- [o-auto-1-exec-1] o.h.type.descriptor.sql.BasicExtractor   : extracted value ([id1_1_] : [BIGINT]) - [1]
2022-08-20 02:24:02.779 TRACE 16121 --- [o-auto-1-exec-1] o.h.type.descriptor.sql.BasicExtractor   : extracted value ([created_2_1_] : [TIMESTAMP]) - [2022-08-20T02:24:02.742]
2022-08-20 02:24:02.779 TRACE 16121 --- [o-auto-1-exec-1] o.h.type.descriptor.sql.BasicExtractor   : extracted value ([modified3_1_] : [TIMESTAMP]) - [2022-08-20T02:24:02.742]
2022-08-20 02:24:02.779 TRACE 16121 --- [o-auto-1-exec-1] o.h.type.descriptor.sql.BasicExtractor   : extracted value ([color4_1_] : [VARCHAR]) - [bg-red-600]
2022-08-20 02:24:02.779 TRACE 16121 --- [o-auto-1-exec-1] o.h.type.descriptor.sql.BasicExtractor   : extracted value ([name5_1_] : [VARCHAR]) - [구분당선]
2022-08-20 02:24:02.780 TRACE 16121 --- [o-auto-1-exec-1] o.h.type.descriptor.sql.BasicExtractor   : extracted value ([id1_1_] : [BIGINT]) - [2]
2022-08-20 02:24:02.780 TRACE 16121 --- [o-auto-1-exec-1] o.h.type.descriptor.sql.BasicExtractor   : extracted value ([created_2_1_] : [TIMESTAMP]) - [2022-08-20T02:24:02.765]
2022-08-20 02:24:02.780 TRACE 16121 --- [o-auto-1-exec-1] o.h.type.descriptor.sql.BasicExtractor   : extracted value ([modified3_1_] : [TIMESTAMP]) - [2022-08-20T02:24:02.765]
2022-08-20 02:24:02.780 TRACE 16121 --- [o-auto-1-exec-1] o.h.type.descriptor.sql.BasicExtractor   : extracted value ([color4_1_] : [VARCHAR]) - [bg-red-600]
2022-08-20 02:24:02.780 TRACE 16121 --- [o-auto-1-exec-1] o.h.type.descriptor.sql.BasicExtractor   : extracted value ([name5_1_] : [VARCHAR]) - [신분당선]
Hibernate: 
    select
        sections0_.line_id as line_id4_3_0_,
        sections0_.id as id1_3_0_,
        sections0_.id as id1_3_1_,
        sections0_.distance as distance2_3_1_,
        sections0_.down_station_id as down_sta3_3_1_,
        sections0_.line_id as line_id4_3_1_,
        sections0_.up_station_id as up_stati5_3_1_,
        station1_.id as id1_4_2_,
        station1_.created_date as created_2_4_2_,
        station1_.modified_date as modified3_4_2_,
        station1_.name as name4_4_2_,
        station2_.id as id1_4_3_,
        station2_.created_date as created_2_4_3_,
        station2_.modified_date as modified3_4_3_,
        station2_.name as name4_4_3_ 
    from
        section sections0_ 
    left outer join
        station station1_ 
            on sections0_.down_station_id=station1_.id 
    left outer join
        station station2_ 
            on sections0_.up_station_id=station2_.id 
    where
        sections0_.line_id=?
2022-08-20 02:24:02.781 TRACE 16121 --- [o-auto-1-exec-1] o.h.type.descriptor.sql.BasicBinder      : binding parameter [1] as [BIGINT] - [1]
2022-08-20 02:24:02.781 TRACE 16121 --- [o-auto-1-exec-1] o.h.type.descriptor.sql.BasicExtractor   : extracted value ([id1_3_1_] : [BIGINT]) - [1]
2022-08-20 02:24:02.781 TRACE 16121 --- [o-auto-1-exec-1] o.h.type.descriptor.sql.BasicExtractor   : extracted value ([id1_4_2_] : [BIGINT]) - [2]
2022-08-20 02:24:02.781 TRACE 16121 --- [o-auto-1-exec-1] o.h.type.descriptor.sql.BasicExtractor   : extracted value ([id1_4_3_] : [BIGINT]) - [1]
2022-08-20 02:24:02.782 TRACE 16121 --- [o-auto-1-exec-1] o.h.type.descriptor.sql.BasicExtractor   : extracted value ([distance2_3_1_] : [INTEGER]) - [15]
2022-08-20 02:24:02.782 TRACE 16121 --- [o-auto-1-exec-1] o.h.type.descriptor.sql.BasicExtractor   : extracted value ([down_sta3_3_1_] : [BIGINT]) - [2]
2022-08-20 02:24:02.782 TRACE 16121 --- [o-auto-1-exec-1] o.h.type.descriptor.sql.BasicExtractor   : extracted value ([line_id4_3_1_] : [BIGINT]) - [1]
2022-08-20 02:24:02.782 TRACE 16121 --- [o-auto-1-exec-1] o.h.type.descriptor.sql.BasicExtractor   : extracted value ([up_stati5_3_1_] : [BIGINT]) - [1]
2022-08-20 02:24:02.782 TRACE 16121 --- [o-auto-1-exec-1] o.h.type.descriptor.sql.BasicExtractor   : extracted value ([created_2_4_2_] : [TIMESTAMP]) - [2022-08-20T02:24:02.719]
2022-08-20 02:24:02.782 TRACE 16121 --- [o-auto-1-exec-1] o.h.type.descriptor.sql.BasicExtractor   : extracted value ([modified3_4_2_] : [TIMESTAMP]) - [2022-08-20T02:24:02.719]
2022-08-20 02:24:02.782 TRACE 16121 --- [o-auto-1-exec-1] o.h.type.descriptor.sql.BasicExtractor   : extracted value ([name4_4_2_] : [VARCHAR]) - [광교역]
2022-08-20 02:24:02.782 TRACE 16121 --- [o-auto-1-exec-1] o.h.type.descriptor.sql.BasicExtractor   : extracted value ([created_2_4_3_] : [TIMESTAMP]) - [2022-08-20T02:24:02.696]
2022-08-20 02:24:02.783 TRACE 16121 --- [o-auto-1-exec-1] o.h.type.descriptor.sql.BasicExtractor   : extracted value ([modified3_4_3_] : [TIMESTAMP]) - [2022-08-20T02:24:02.696]
2022-08-20 02:24:02.783 TRACE 16121 --- [o-auto-1-exec-1] o.h.type.descriptor.sql.BasicExtractor   : extracted value ([name4_4_3_] : [VARCHAR]) - [강남역]
2022-08-20 02:24:02.783 TRACE 16121 --- [o-auto-1-exec-1] o.h.type.descriptor.sql.BasicExtractor   : extracted value ([line_id4_3_0_] : [BIGINT]) - [1]
2022-08-20 02:24:02.783 TRACE 16121 --- [o-auto-1-exec-1] o.h.type.descriptor.sql.BasicExtractor   : extracted value ([id1_3_0_] : [BIGINT]) - [1]
Hibernate: 
    select
        sections0_.line_id as line_id4_3_0_,
        sections0_.id as id1_3_0_,
        sections0_.id as id1_3_1_,
        sections0_.distance as distance2_3_1_,
        sections0_.down_station_id as down_sta3_3_1_,
        sections0_.line_id as line_id4_3_1_,
        sections0_.up_station_id as up_stati5_3_1_,
        station1_.id as id1_4_2_,
        station1_.created_date as created_2_4_2_,
        station1_.modified_date as modified3_4_2_,
        station1_.name as name4_4_2_,
        station2_.id as id1_4_3_,
        station2_.created_date as created_2_4_3_,
        station2_.modified_date as modified3_4_3_,
        station2_.name as name4_4_3_ 
    from
        section sections0_ 
    left outer join
        station station1_ 
            on sections0_.down_station_id=station1_.id 
    left outer join
        station station2_ 
            on sections0_.up_station_id=station2_.id 
    where
        sections0_.line_id=?
2022-08-20 02:24:02.786 TRACE 16121 --- [o-auto-1-exec-1] o.h.type.descriptor.sql.BasicBinder      : binding parameter [1] as [BIGINT] - [2]
2022-08-20 02:24:02.786 TRACE 16121 --- [o-auto-1-exec-1] o.h.type.descriptor.sql.BasicExtractor   : extracted value ([id1_3_1_] : [BIGINT]) - [2]
2022-08-20 02:24:02.786 TRACE 16121 --- [o-auto-1-exec-1] o.h.type.descriptor.sql.BasicExtractor   : extracted value ([id1_4_2_] : [BIGINT]) - [2]
2022-08-20 02:24:02.786 TRACE 16121 --- [o-auto-1-exec-1] o.h.type.descriptor.sql.BasicExtractor   : extracted value ([id1_4_3_] : [BIGINT]) - [1]
2022-08-20 02:24:02.787 TRACE 16121 --- [o-auto-1-exec-1] o.h.type.descriptor.sql.BasicExtractor   : extracted value ([distance2_3_1_] : [INTEGER]) - [10]
2022-08-20 02:24:02.787 TRACE 16121 --- [o-auto-1-exec-1] o.h.type.descriptor.sql.BasicExtractor   : extracted value ([down_sta3_3_1_] : [BIGINT]) - [2]
2022-08-20 02:24:02.787 TRACE 16121 --- [o-auto-1-exec-1] o.h.type.descriptor.sql.BasicExtractor   : extracted value ([line_id4_3_1_] : [BIGINT]) - [2]
2022-08-20 02:24:02.787 TRACE 16121 --- [o-auto-1-exec-1] o.h.type.descriptor.sql.BasicExtractor   : extracted value ([up_stati5_3_1_] : [BIGINT]) - [1]
2022-08-20 02:24:02.787 TRACE 16121 --- [o-auto-1-exec-1] o.h.type.descriptor.sql.BasicExtractor   : extracted value ([line_id4_3_0_] : [BIGINT]) - [2]
2022-08-20 02:24:02.787 TRACE 16121 --- [o-auto-1-exec-1] o.h.type.descriptor.sql.BasicExtractor   : extracted value ([id1_3_0_] : [BIGINT]) - [2]
GET /lines HTTP/1.1
accept: application/json
host: localhost:37811
connection: Keep-Alive
user-agent: Apache-HttpClient/4.5.13 (Java/1.8.0_342)
accept-encoding: gzip,deflate



HTTP/1.1 200 OK
Transfer-Encoding: chunked
Keep-Alive: timeout=60
Connection: keep-alive
Date: Fri, 19 Aug 2022 17:24:02 GMT
Content-Type: application/json



HTTP/1.1 200 
Content-Type: application/json
Transfer-Encoding: chunked
Date: Fri, 19 Aug 2022 17:24:02 GMT
Keep-Alive: timeout=60
Connection: keep-alive

[
    {
        "id": 1,
        "name": "구분당선",
        "color": "bg-red-600",
        "stations": [
            {
                "id": 1,
                "name": "강남역",
                "createdDate": "2022-08-20T02:24:02.696",
                "modifiedDate": "2022-08-20T02:24:02.696"
            },
            {
                "id": 2,
                "name": "광교역",
                "createdDate": "2022-08-20T02:24:02.719",
                "modifiedDate": "2022-08-20T02:24:02.719"
            }
        ],
        "createdDate": "2022-08-20T02:24:02.742",
        "modifiedDate": "2022-08-20T02:24:02.742"
    },
    {
        "id": 2,
        "name": "신분당선",
        "color": "bg-red-600",
        "stations": [
            {
                "id": 1,
                "name": "강남역",
                "createdDate": "2022-08-20T02:24:02.696",
                "modifiedDate": "2022-08-20T02:24:02.696"
            },
            {
                "id": 2,
                "name": "광교역",
                "createdDate": "2022-08-20T02:24:02.719",
                "modifiedDate": "2022-08-20T02:24:02.719"
            }
        ],
        "createdDate": "2022-08-20T02:24:02.765",
        "modifiedDate": "2022-08-20T02:24:02.765"
    }
]
]]></system-out>
  <system-err><![CDATA[]]></system-err>
</testsuite>
