<?xml version="1.0" encoding="UTF-8"?>
<testsuite name="nextstep.subway.auth.application.AuthServiceTest" tests="1" skipped="0" failures="0" errors="0" timestamp="2022-08-19T17:23:59" hostname="ip-192-168-15-12" time="0.226">
  <properties/>
  <testcase name="login()" classname="nextstep.subway.auth.application.AuthServiceTest" time="0.226"/>
  <system-out><![CDATA[]]></system-out>
  <system-err><![CDATA[]]></system-err>
</testsuite>
